TN:
SF:src/App.vue
FN:20,(anonymous_0)
FN:23,(anonymous_1)
FNF:2
FNH:0
FNDA:0,(anonymous_0)
FNDA:0,(anonymous_1)
DA:2,0
DA:3,0
DA:16,0
DA:21,0
DA:23,0
DA:25,0
LF:6
LH:0
BRF:0
BRH:0
end_of_record
TN:
SF:src/app.js
FN:36,(anonymous_0)
FNF:1
FNH:0
FNDA:0,(anonymous_0)
DA:21,0
DA:22,0
DA:26,0
DA:27,0
DA:30,0
DA:31,0
DA:32,0
DA:35,0
DA:36,0
DA:37,0
DA:38,0
DA:40,0
DA:41,0
DA:44,0
DA:45,0
DA:47,0
DA:54,0
DA:55,0
DA:56,0
DA:57,0
DA:60,0
LF:21
LH:0
BRDA:21,0,0,0
BRDA:21,0,1,0
BRF:2
BRH:0
end_of_record
TN:
SF:src/env.d.ts
FNF:0
FNH:0
LF:0
LH:0
BRF:0
BRH:0
end_of_record
TN:
SF:src/components/PassCountdownTimer.vue
FN:41,(anonymous_0)
FN:46,(anonymous_1)
FN:51,(anonymous_2)
FN:72,(anonymous_3)
FN:82,(anonymous_4)
FN:99,(anonymous_5)
FN:100,(anonymous_6)
FN:112,(anonymous_7)
FN:113,(anonymous_8)
FN:121,(anonymous_9)
FN:130,(anonymous_10)
FNF:11
FNH:11
FNDA:23,(anonymous_0)
FNDA:23,(anonymous_1)
FNDA:40,(anonymous_2)
FNDA:29,(anonymous_3)
FNDA:24,(anonymous_4)
FNDA:32,(anonymous_5)
FNDA:2,(anonymous_6)
FNDA:31,(anonymous_7)
FNDA:1,(anonymous_8)
FNDA:30,(anonymous_9)
FNDA:30,(anonymous_10)
DA:4,1
DA:5,1
DA:6,1
DA:9,1
DA:10,1
DA:11,1
DA:20,30
DA:35,30
DA:36,30
DA:37,30
DA:38,30
DA:39,30
DA:41,30
DA:42,23
DA:43,23
DA:46,30
DA:47,23
DA:48,23
DA:51,30
DA:52,40
DA:54,40
DA:55,40
DA:56,40
DA:58,40
DA:60,33
DA:61,33
DA:62,7
DA:64,7
DA:65,7
DA:68,0
DA:72,30
DA:73,29
DA:74,6
DA:75,6
DA:76,6
DA:79,23
DA:82,23
DA:83,24
DA:84,24
DA:87,23
DA:88,22
DA:89,22
DA:90,22
DA:92,1
DA:93,1
DA:98,30
DA:99,32
DA:101,2
DA:102,1
DA:104,1
DA:105,1
DA:111,30
DA:112,31
DA:114,1
DA:115,1
DA:121,30
DA:123,30
DA:125,30
DA:126,27
DA:130,30
DA:131,30
DA:132,30
LF:62
LH:61
BRDA:52,0,0,0
BRDA:52,0,1,40
BRDA:58,1,0,33
BRDA:58,1,1,7
BRDA:62,2,0,7
BRDA:62,2,1,0
BRDA:62,3,0,7
BRDA:62,3,1,7
BRDA:73,4,0,6
BRDA:73,4,1,23
BRDA:73,5,0,29
BRDA:73,5,1,29
BRDA:87,6,0,22
BRDA:87,6,1,1
BRDA:101,7,0,1
BRDA:101,7,1,1
BRDA:114,8,0,1
BRDA:114,8,1,0
BRDA:125,9,0,27
BRDA:125,9,1,3
BRDA:131,10,0,30
BRDA:131,10,1,0
BRDA:2,11,0,54
BRDA:2,11,1,52
BRDA:2,11,2,23
BRDA:8,12,0,23
BRDA:8,12,1,21
BRF:27
BRH:23
end_of_record
TN:
SF:src/components/SatelliteSelect.vue
FN:38,(anonymous_0)
FN:43,(anonymous_1)
FN:44,(anonymous_2)
FN:53,(anonymous_3)
FN:57,(anonymous_4)
FN:60,(anonymous_5)
FN:61,(anonymous_6)
FN:61,(anonymous_7)
FN:63,(anonymous_8)
FN:70,(anonymous_9)
FN:73,(anonymous_10)
FN:76,(anonymous_11)
FN:81,(anonymous_12)
FN:82,(anonymous_13)
FN:5,(anonymous_14)
FN:10,(anonymous_15)
FN:19,(anonymous_16)
FNF:17
FNH:0
FNDA:0,(anonymous_0)
FNDA:0,(anonymous_1)
FNDA:0,(anonymous_2)
FNDA:0,(anonymous_3)
FNDA:0,(anonymous_4)
FNDA:0,(anonymous_5)
FNDA:0,(anonymous_6)
FNDA:0,(anonymous_7)
FNDA:0,(anonymous_8)
FNDA:0,(anonymous_9)
FNDA:0,(anonymous_10)
FNDA:0,(anonymous_11)
FNDA:0,(anonymous_12)
FNDA:0,(anonymous_13)
FNDA:0,(anonymous_14)
FNDA:0,(anonymous_15)
FNDA:0,(anonymous_16)
DA:2,0
DA:5,0
DA:10,0
DA:19,0
DA:34,0
DA:39,0
DA:44,0
DA:48,0
DA:49,0
DA:51,0
DA:54,0
DA:58,0
DA:61,0
DA:62,0
DA:63,0
DA:64,0
DA:65,0
DA:71,0
DA:74,0
DA:77,0
DA:82,0
LF:21
LH:0
BRDA:48,0,0,0
BRDA:48,0,1,0
BRDA:58,1,0,0
BRDA:58,1,1,0
BRDA:82,2,0,0
BRDA:82,2,1,0
BRDA:19,3,0,0
BRDA:19,3,1,0
BRF:8
BRH:0
end_of_record
TN:
SF:src/components/Satvis.vue
FN:297,(anonymous_0)
FN:333,(anonymous_1)
FN:336,(anonymous_2)
FN:339,(anonymous_3)
FN:343,(anonymous_4)
FN:353,(anonymous_5)
FN:357,(anonymous_6)
FN:369,(anonymous_7)
FN:380,(anonymous_8)
FN:389,(anonymous_9)
FN:398,(anonymous_10)
FN:410,(anonymous_11)
FN:412,(anonymous_12)
FN:414,(anonymous_13)
FN:415,(anonymous_14)
FN:422,(anonymous_15)
FN:425,(anonymous_16)
FN:428,(anonymous_17)
FN:432,(anonymous_18)
FN:437,(anonymous_19)
FN:440,(anonymous_20)
FN:444,(anonymous_21)
FN:457,(anonymous_22)
FN:469,(anonymous_23)
FN:472,(anonymous_24)
FN:476,(anonymous_25)
FN:480,(anonymous_26)
FN:496,(anonymous_27)
FN:508,(anonymous_28)
FN:511,(anonymous_29)
FN:524,(anonymous_30)
FN:530,(anonymous_31)
FN:536,(anonymous_32)
FN:541,(anonymous_33)
FN:553,(anonymous_34)
FN:558,(anonymous_35)
FN:564,(anonymous_36)
FN:571,(anonymous_37)
FN:586,(anonymous_38)
FN:592,(anonymous_39)
FN:595,(anonymous_40)
FN:603,(anonymous_41)
FN:623,(anonymous_42)
FN:635,(anonymous_43)
FN:646,(anonymous_44)
FN:669,(anonymous_45)
FN:683,(anonymous_46)
FN:769,(anonymous_47)
FN:787,(anonymous_48)
FN:789,(anonymous_49)
FN:794,(anonymous_50)
FN:823,(anonymous_51)
FN:829,(anonymous_52)
FN:833,(anonymous_53)
FN:838,(anonymous_54)
FN:843,(anonymous_55)
FN:847,(anonymous_56)
FN:850,(anonymous_57)
FN:862,(anonymous_58)
FN:867,(anonymous_59)
FN:876,(anonymous_60)
FN:901,(anonymous_61)
FN:906,(anonymous_62)
FN:916,(anonymous_63)
FN:921,(anonymous_64)
FN:928,(anonymous_65)
FN:966,(anonymous_66)
FN:973,(anonymous_67)
FN:1011,(anonymous_68)
FN:1018,(anonymous_69)
FN:1031,(anonymous_70)
FN:1039,(anonymous_71)
FN:1045,(anonymous_72)
FN:1049,(anonymous_73)
FNF:74
FNH:0
FNDA:0,(anonymous_0)
FNDA:0,(anonymous_1)
FNDA:0,(anonymous_2)
FNDA:0,(anonymous_3)
FNDA:0,(anonymous_4)
FNDA:0,(anonymous_5)
FNDA:0,(anonymous_6)
FNDA:0,(anonymous_7)
FNDA:0,(anonymous_8)
FNDA:0,(anonymous_9)
FNDA:0,(anonymous_10)
FNDA:0,(anonymous_11)
FNDA:0,(anonymous_12)
FNDA:0,(anonymous_13)
FNDA:0,(anonymous_14)
FNDA:0,(anonymous_15)
FNDA:0,(anonymous_16)
FNDA:0,(anonymous_17)
FNDA:0,(anonymous_18)
FNDA:0,(anonymous_19)
FNDA:0,(anonymous_20)
FNDA:0,(anonymous_21)
FNDA:0,(anonymous_22)
FNDA:0,(anonymous_23)
FNDA:0,(anonymous_24)
FNDA:0,(anonymous_25)
FNDA:0,(anonymous_26)
FNDA:0,(anonymous_27)
FNDA:0,(anonymous_28)
FNDA:0,(anonymous_29)
FNDA:0,(anonymous_30)
FNDA:0,(anonymous_31)
FNDA:0,(anonymous_32)
FNDA:0,(anonymous_33)
FNDA:0,(anonymous_34)
FNDA:0,(anonymous_35)
FNDA:0,(anonymous_36)
FNDA:0,(anonymous_37)
FNDA:0,(anonymous_38)
FNDA:0,(anonymous_39)
FNDA:0,(anonymous_40)
FNDA:0,(anonymous_41)
FNDA:0,(anonymous_42)
FNDA:0,(anonymous_43)
FNDA:0,(anonymous_44)
FNDA:0,(anonymous_45)
FNDA:0,(anonymous_46)
FNDA:0,(anonymous_47)
FNDA:0,(anonymous_48)
FNDA:0,(anonymous_49)
FNDA:0,(anonymous_50)
FNDA:0,(anonymous_51)
FNDA:0,(anonymous_52)
FNDA:0,(anonymous_53)
FNDA:0,(anonymous_54)
FNDA:0,(anonymous_55)
FNDA:0,(anonymous_56)
FNDA:0,(anonymous_57)
FNDA:0,(anonymous_58)
FNDA:0,(anonymous_59)
FNDA:0,(anonymous_60)
FNDA:0,(anonymous_61)
FNDA:0,(anonymous_62)
FNDA:0,(anonymous_63)
FNDA:0,(anonymous_64)
FNDA:0,(anonymous_65)
FNDA:0,(anonymous_66)
FNDA:0,(anonymous_67)
FNDA:0,(anonymous_68)
FNDA:0,(anonymous_69)
FNDA:0,(anonymous_70)
FNDA:0,(anonymous_71)
FNDA:0,(anonymous_72)
FNDA:0,(anonymous_73)
DA:2,0
DA:12,0
DA:24,0
DA:27,0
DA:37,0
DA:40,0
DA:43,0
DA:46,0
DA:168,0
DA:234,0
DA:240,0
DA:247,0
DA:267,0
DA:270,0
DA:277,0
DA:278,0
DA:292,0
DA:298,0
DA:334,0
DA:337,0
DA:341,0
DA:344,0
DA:345,0
DA:346,0
DA:347,0
DA:348,0
DA:350,0
DA:355,0
DA:359,0
DA:360,0
DA:363,0
DA:364,0
DA:365,0
DA:367,0
DA:372,0
DA:373,0
DA:376,0
DA:377,0
DA:380,0
DA:381,0
DA:382,0
DA:384,0
DA:387,0
DA:391,0
DA:392,0
DA:395,0
DA:398,0
DA:399,0
DA:400,0
DA:402,0
DA:405,0
DA:412,0
DA:413,0
DA:414,0
DA:415,0
DA:416,0
DA:418,0
DA:423,0
DA:426,0
DA:429,0
DA:433,0
DA:438,0
DA:441,0
DA:445,0
DA:447,0
DA:448,0
DA:451,0
DA:452,0
DA:459,0
DA:460,0
DA:462,0
DA:465,0
DA:466,0
DA:470,0
DA:474,0
DA:478,0
DA:482,0
DA:483,0
DA:485,0
DA:486,0
DA:491,0
DA:493,0
DA:495,0
DA:496,0
DA:498,0
DA:502,0
DA:504,0
DA:505,0
DA:509,0
DA:511,0
DA:512,0
DA:513,0
DA:518,0
DA:519,0
DA:520,0
DA:526,0
DA:527,0
DA:532,0
DA:533,0
DA:537,0
DA:538,0
DA:540,0
DA:541,0
DA:542,0
DA:546,0
DA:547,0
DA:548,0
DA:556,0
DA:558,0
DA:559,0
DA:565,0
DA:566,0
DA:568,0
DA:571,0
DA:572,0
DA:573,0
DA:574,0
DA:575,0
DA:576,0
DA:579,0
DA:580,0
DA:581,0
DA:586,0
DA:587,0
DA:589,0
DA:592,0
DA:594,0
DA:595,0
DA:596,0
DA:600,0
DA:603,0
DA:604,0
DA:605,0
DA:607,0
DA:608,0
DA:610,0
DA:611,0
DA:617,0
DA:618,0
DA:622,0
DA:623,0
DA:624,0
DA:625,0
DA:626,0
DA:628,0
DA:634,0
DA:635,0
DA:636,0
DA:637,0
DA:640,0
DA:641,0
DA:648,0
DA:649,0
DA:652,0
DA:653,0
DA:656,0
DA:657,0
DA:660,0
DA:661,0
DA:664,0
DA:665,0
DA:670,0
DA:671,0
DA:674,0
DA:675,0
DA:678,0
DA:679,0
DA:680,0
DA:683,0
DA:685,0
DA:687,0
DA:689,0
DA:690,0
DA:691,0
DA:693,0
DA:694,0
DA:695,0
DA:701,0
DA:702,0
DA:704,0
DA:706,0
DA:708,0
DA:709,0
DA:710,0
DA:711,0
DA:712,0
DA:713,0
DA:718,0
DA:719,0
DA:720,0
DA:721,0
DA:725,0
DA:726,0
DA:727,0
DA:728,0
DA:730,0
DA:731,0
DA:732,0
DA:733,0
DA:737,0
DA:738,0
DA:740,0
DA:741,0
DA:745,0
DA:746,0
DA:747,0
DA:749,0
DA:751,0
DA:755,0
DA:757,0
DA:760,0
DA:761,0
DA:763,0
DA:769,0
DA:770,0
DA:772,0
DA:773,0
DA:774,0
DA:778,0
DA:779,0
DA:784,0
DA:788,0
DA:789,0
DA:790,0
DA:792,0
DA:796,0
DA:800,0
DA:802,0
DA:804,0
DA:805,0
DA:808,0
DA:818,0
DA:819,0
DA:824,0
DA:825,0
DA:826,0
DA:830,0
DA:831,0
DA:834,0
DA:835,0
DA:836,0
DA:839,0
DA:840,0
DA:841,0
DA:844,0
DA:845,0
DA:849,0
DA:850,0
DA:851,0
DA:852,0
DA:858,0
DA:859,0
DA:861,0
DA:862,0
DA:863,0
DA:868,0
DA:870,0
DA:873,0
DA:878,0
DA:879,0
DA:883,0
DA:884,0
DA:886,0
DA:888,0
DA:889,0
DA:890,0
DA:901,0
DA:903,0
DA:906,0
DA:907,0
DA:908,0
DA:915,0
DA:916,0
DA:917,0
DA:918,0
DA:921,0
DA:922,0
DA:926,0
DA:929,0
DA:930,0
DA:933,0
DA:936,0
DA:937,0
DA:939,0
DA:940,0
DA:941,0
DA:944,0
DA:947,0
DA:948,0
DA:951,0
DA:952,0
DA:955,0
DA:956,0
DA:960,0
DA:961,0
DA:962,0
DA:963,0
DA:966,0
DA:967,0
DA:970,0
DA:974,0
DA:975,0
DA:978,0
DA:981,0
DA:982,0
DA:984,0
DA:985,0
DA:986,0
DA:989,0
DA:992,0
DA:993,0
DA:996,0
DA:997,0
DA:1000,0
DA:1001,0
DA:1005,0
DA:1006,0
DA:1007,0
DA:1008,0
DA:1011,0
DA:1012,0
DA:1015,0
DA:1019,0
DA:1021,0
DA:1023,0
DA:1026,0
DA:1028,0
DA:1033,0
DA:1034,0
DA:1036,0
DA:1041,0
DA:1042,0
DA:1047,0
DA:1051,0
DA:1052,0
DA:1053,0
DA:1055,0
DA:1057,0
DA:1058,0
DA:1059,0
DA:1060,0
DA:1063,0
DA:1064,0
DA:1065,0
DA:1066,0
LF:345
LH:0
BRDA:337,0,0,0
BRDA:337,0,1,0
BRDA:345,1,0,0
BRDA:345,1,1,0
BRDA:347,2,0,0
BRDA:347,2,1,0
BRDA:355,3,0,0
BRDA:355,3,1,0
BRDA:359,4,0,0
BRDA:359,4,1,0
BRDA:359,5,0,0
BRDA:359,5,1,0
BRDA:359,5,2,0
BRDA:364,6,0,0
BRDA:364,6,1,0
BRDA:364,7,0,0
BRDA:364,7,1,0
BRDA:364,7,2,0
BRDA:372,8,0,0
BRDA:372,8,1,0
BRDA:372,9,0,0
BRDA:372,9,1,0
BRDA:372,9,2,0
BRDA:384,10,0,0
BRDA:384,10,1,0
BRDA:391,11,0,0
BRDA:391,11,1,0
BRDA:391,12,0,0
BRDA:391,12,1,0
BRDA:402,13,0,0
BRDA:402,13,1,0
BRDA:413,14,0,0
BRDA:413,14,1,0
BRDA:447,15,0,0
BRDA:447,15,1,0
BRDA:451,16,0,0
BRDA:451,16,1,0
BRDA:459,17,0,0
BRDA:459,17,1,0
BRDA:465,18,0,0
BRDA:465,18,1,0
BRDA:465,19,0,0
BRDA:465,19,1,0
BRDA:482,20,0,0
BRDA:482,20,1,0
BRDA:482,21,0,0
BRDA:482,21,1,0
BRDA:485,22,0,0
BRDA:485,22,1,0
BRDA:491,23,0,0
BRDA:491,23,1,0
BRDA:491,24,0,0
BRDA:491,24,1,0
BRDA:504,25,0,0
BRDA:504,25,1,0
BRDA:509,26,0,0
BRDA:509,26,1,0
BRDA:512,27,0,0
BRDA:512,27,1,0
BRDA:512,28,0,0
BRDA:512,28,1,0
BRDA:518,29,0,0
BRDA:518,29,1,0
BRDA:526,30,0,0
BRDA:526,30,1,0
BRDA:526,31,0,0
BRDA:526,31,1,0
BRDA:532,32,0,0
BRDA:532,32,1,0
BRDA:532,33,0,0
BRDA:532,33,1,0
BRDA:537,34,0,0
BRDA:537,34,1,0
BRDA:538,35,0,0
BRDA:538,35,1,0
BRDA:546,36,0,0
BRDA:546,36,1,0
BRDA:556,37,0,0
BRDA:556,37,1,0
BRDA:556,38,0,0
BRDA:556,38,1,0
BRDA:556,38,2,0
BRDA:556,38,3,0
BRDA:565,39,0,0
BRDA:565,39,1,0
BRDA:572,40,0,0
BRDA:572,40,1,0
BRDA:572,41,0,0
BRDA:572,41,1,0
BRDA:572,41,2,0
BRDA:594,42,0,0
BRDA:594,42,1,0
BRDA:594,43,0,0
BRDA:594,43,1,0
BRDA:605,44,0,0
BRDA:605,44,1,0
BRDA:605,45,0,0
BRDA:605,45,1,0
BRDA:607,46,0,0
BRDA:607,46,1,0
BRDA:608,47,0,0
BRDA:608,47,1,0
BRDA:610,48,0,0
BRDA:610,48,1,0
BRDA:610,49,0,0
BRDA:610,49,1,0
BRDA:617,50,0,0
BRDA:617,50,1,0
BRDA:622,51,0,0
BRDA:622,51,1,0
BRDA:624,52,0,0
BRDA:624,52,1,0
BRDA:624,53,0,0
BRDA:624,53,1,0
BRDA:634,54,0,0
BRDA:634,54,1,0
BRDA:636,55,0,0
BRDA:636,55,1,0
BRDA:640,56,0,0
BRDA:640,56,1,0
BRDA:648,57,0,0
BRDA:648,57,1,0
BRDA:652,58,0,0
BRDA:652,58,1,0
BRDA:656,59,0,0
BRDA:656,59,1,0
BRDA:656,60,0,0
BRDA:656,60,1,0
BRDA:660,61,0,0
BRDA:660,61,1,0
BRDA:664,62,0,0
BRDA:664,62,1,0
BRDA:670,63,0,0
BRDA:670,63,1,0
BRDA:670,64,0,0
BRDA:670,64,1,0
BRDA:670,64,2,0
BRDA:685,65,0,0
BRDA:685,65,1,0
BRDA:687,66,0,0
BRDA:687,66,1,0
BRDA:691,67,0,0
BRDA:691,67,1,0
BRDA:701,68,0,0
BRDA:701,68,1,0
BRDA:701,69,0,0
BRDA:701,69,1,0
BRDA:708,70,0,0
BRDA:708,70,1,0
BRDA:708,71,0,0
BRDA:708,71,1,0
BRDA:718,72,0,0
BRDA:718,72,1,0
BRDA:718,73,0,0
BRDA:718,73,1,0
BRDA:725,74,0,0
BRDA:725,74,1,0
BRDA:725,75,0,0
BRDA:725,75,1,0
BRDA:730,76,0,0
BRDA:730,76,1,0
BRDA:730,77,0,0
BRDA:730,77,1,0
BRDA:738,78,0,0
BRDA:738,78,1,0
BRDA:741,79,0,0
BRDA:741,79,1,0
BRDA:749,80,0,0
BRDA:749,80,1,0
BRDA:770,81,0,0
BRDA:770,81,1,0
BRDA:772,82,0,0
BRDA:772,82,1,0
BRDA:800,83,0,0
BRDA:800,83,1,0
BRDA:800,83,2,0
BRDA:802,84,0,0
BRDA:802,84,1,0
BRDA:818,85,0,0
BRDA:818,85,1,0
BRDA:818,86,0,0
BRDA:818,86,1,0
BRDA:825,87,0,0
BRDA:825,87,1,0
BRDA:849,88,0,0
BRDA:849,88,1,0
BRDA:849,89,0,0
BRDA:849,89,1,0
BRDA:849,89,2,0
BRDA:851,90,0,0
BRDA:851,90,1,0
BRDA:859,91,0,0
BRDA:859,91,1,0
BRDA:859,92,0,0
BRDA:859,92,1,0
BRDA:859,92,2,0
BRDA:868,93,0,0
BRDA:868,93,1,0
BRDA:878,94,0,0
BRDA:878,94,1,0
BRDA:884,95,0,0
BRDA:884,95,1,0
BRDA:884,95,2,0
BRDA:886,96,0,0
BRDA:886,96,1,0
BRDA:907,97,0,0
BRDA:907,97,1,0
BRDA:907,98,0,0
BRDA:907,98,1,0
BRDA:917,99,0,0
BRDA:917,99,1,0
BRDA:917,100,0,0
BRDA:917,100,1,0
BRDA:929,101,0,0
BRDA:929,101,1,0
BRDA:955,102,0,0
BRDA:955,102,1,0
BRDA:974,103,0,0
BRDA:974,103,1,0
BRDA:1000,104,0,0
BRDA:1000,104,1,0
BRDA:1019,105,0,0
BRDA:1019,105,1,0
BRDA:1033,106,0,0
BRDA:1033,106,1,0
BRDA:1041,107,0,0
BRDA:1041,107,1,0
BRDA:1051,108,0,0
BRDA:1051,108,1,0
BRDA:1051,109,0,0
BRDA:1051,109,1,0
BRDA:1055,110,0,0
BRDA:1055,110,1,0
BRDA:1055,111,0,0
BRDA:1055,111,1,0
BRDA:6,112,0,0
BRDA:6,112,1,0
BRDA:30,113,0,0
BRDA:30,113,1,0
BRDA:30,113,2,0
BRDA:43,114,0,0
BRDA:43,114,1,0
BRDA:46,115,0,0
BRDA:46,115,1,0
BRDA:49,116,0,0
BRDA:49,116,1,0
BRDA:49,117,0,0
BRDA:49,117,1,0
BRDA:60,118,0,0
BRDA:60,118,1,0
BRDA:63,119,0,0
BRDA:63,119,1,0
BRDA:63,120,0,0
BRDA:63,120,1,0
BRDA:63,121,0,0
BRDA:63,121,1,0
BRDA:68,122,0,0
BRDA:68,122,1,0
BRDA:72,123,0,0
BRDA:72,123,1,0
BRDA:77,124,0,0
BRDA:77,124,1,0
BRDA:80,125,0,0
BRDA:80,125,1,0
BRDA:80,126,0,0
BRDA:80,126,1,0
BRDA:85,127,0,0
BRDA:85,127,1,0
BRDA:85,128,0,0
BRDA:85,128,1,0
BRDA:90,129,0,0
BRDA:90,129,1,0
BRDA:90,130,0,0
BRDA:90,130,1,0
BRDA:90,131,0,0
BRDA:90,131,1,0
BRDA:95,132,0,0
BRDA:95,132,1,0
BRDA:99,133,0,0
BRDA:99,133,1,0
BRDA:102,134,0,0
BRDA:102,134,1,0
BRDA:102,135,0,0
BRDA:102,135,1,0
BRDA:108,136,0,0
BRDA:108,136,1,0
BRDA:114,137,0,0
BRDA:114,137,1,0
BRDA:120,138,0,0
BRDA:120,138,1,0
BRDA:125,139,0,0
BRDA:125,139,1,0
BRDA:128,140,0,0
BRDA:128,140,1,0
BRDA:128,141,0,0
BRDA:128,141,1,0
BRDA:133,142,0,0
BRDA:133,142,1,0
BRDA:133,143,0,0
BRDA:133,143,1,0
BRDA:150,144,0,0
BRDA:150,144,1,0
BRDA:153,145,0,0
BRDA:153,145,1,0
BRDA:153,146,0,0
BRDA:153,146,1,0
BRDA:158,147,0,0
BRDA:158,147,1,0
BRDA:158,148,0,0
BRDA:158,148,1,0
BRDA:163,149,0,0
BRDA:163,149,1,0
BRDA:163,150,0,0
BRDA:163,150,1,0
BRDA:168,151,0,0
BRDA:168,151,1,0
BRDA:168,152,0,0
BRDA:168,152,1,0
BRDA:173,153,0,0
BRDA:173,153,1,0
BRDA:173,154,0,0
BRDA:173,154,1,0
BRDA:178,155,0,0
BRDA:178,155,1,0
BRDA:183,156,0,0
BRDA:183,156,1,0
BRDA:183,157,0,0
BRDA:183,157,1,0
BRDA:188,158,0,0
BRDA:188,158,1,0
BRDA:188,159,0,0
BRDA:188,159,1,0
BRDA:193,160,0,0
BRDA:193,160,1,0
BRDA:193,161,0,0
BRDA:193,161,1,0
BRDA:198,162,0,0
BRDA:198,162,1,0
BRDA:198,163,0,0
BRDA:198,163,1,0
BRDA:212,164,0,0
BRDA:212,164,1,0
BRDA:212,165,0,0
BRDA:212,165,1,0
BRDA:218,166,0,0
BRDA:218,166,1,0
BRDA:223,167,0,0
BRDA:223,167,1,0
BRDA:228,168,0,0
BRDA:228,168,1,0
BRDA:228,169,0,0
BRDA:228,169,1,0
BRDA:234,170,0,0
BRDA:234,170,1,0
BRDA:234,171,0,0
BRDA:234,171,1,0
BRDA:240,172,0,0
BRDA:240,172,1,0
BRDA:240,173,0,0
BRDA:240,173,1,0
BRDA:247,174,0,0
BRDA:247,174,1,0
BRDA:247,175,0,0
BRDA:247,175,1,0
BRDA:253,176,0,0
BRDA:253,176,1,0
BRDA:258,177,0,0
BRDA:258,177,1,0
BRDA:273,178,0,0
BRDA:273,178,1,0
BRDA:273,179,0,0
BRDA:273,179,1,0
BRDA:278,180,0,0
BRDA:278,180,1,0
BRF:374
BRH:0
end_of_record
TN:
SF:src/components/VueCesiumController.js
FN:4,(anonymous_0)
FNF:1
FNH:0
FNDA:0,(anonymous_0)
DA:3,0
DA:5,0
LF:2
LH:0
BRF:0
BRH:0
end_of_record
TN:
SF:src/composables/usePWAUpdate.ts
FN:41,usePWAUpdate
FN:48,(anonymous_1)
FN:59,(anonymous_2)
FN:69,(anonymous_3)
FN:74,(anonymous_4)
FN:79,(anonymous_5)
FN:86,(anonymous_6)
FN:90,(anonymous_7)
FNF:8
FNH:0
FNDA:0,usePWAUpdate
FNDA:0,(anonymous_1)
FNDA:0,(anonymous_2)
FNDA:0,(anonymous_3)
FNDA:0,(anonymous_4)
FNDA:0,(anonymous_5)
FNDA:0,(anonymous_6)
FNDA:0,(anonymous_7)
DA:42,0
DA:44,0
DA:45,0
DA:46,0
DA:48,0
DA:49,0
DA:50,0
DA:51,0
DA:52,0
DA:54,0
DA:59,0
DA:60,0
DA:61,0
DA:63,0
DA:64,0
DA:65,0
DA:69,0
DA:70,0
DA:71,0
DA:74,0
DA:75,0
DA:78,0
DA:79,0
DA:80,0
DA:81,0
DA:86,0
DA:87,0
DA:90,0
DA:91,0
DA:98,0
DA:101,0
LF:31
LH:0
BRDA:41,0,0,0
BRDA:42,1,0,0
BRDA:42,2,0,0
BRDA:49,3,0,0
BRDA:49,3,1,0
BRDA:63,4,0,0
BRDA:63,4,1,0
BRDA:78,5,0,0
BRDA:78,5,1,0
BRDA:78,6,0,0
BRDA:78,6,1,0
BRF:11
BRH:0
end_of_record
TN:
SF:src/composables/useToastProxy.js
FN:6,(anonymous_0)
FN:8,(anonymous_1)
FN:8,(anonymous_2)
FNF:3
FNH:0
FNDA:0,(anonymous_0)
FNDA:0,(anonymous_1)
FNDA:0,(anonymous_2)
DA:4,0
DA:6,0
DA:8,0
LF:3
LH:0
BRDA:8,0,0,0
BRDA:8,0,1,0
BRF:2
BRH:0
end_of_record
TN:
SF:src/config/presets.js
FN:65,getConfigPreset
FN:86,updateMetadata
FNF:2
FNH:0
FNDA:0,getConfigPreset
FNDA:0,updateMetadata
DA:5,0
DA:67,0
DA:72,0
DA:74,0
DA:76,0
DA:78,0
DA:87,0
DA:88,0
DA:89,0
DA:90,0
LF:10
LH:0
BRDA:65,0,0,0
BRDA:72,1,0,0
BRDA:72,1,1,0
BRDA:72,1,2,0
BRDA:89,2,0,0
BRDA:89,2,1,0
BRF:6
BRH:0
end_of_record
TN:
SF:src/modules/CelestialOrbitRenderer.js
FN:8,(anonymous_0)
FN:28,(anonymous_1)
FN:127,(anonymous_2)
FN:136,(anonymous_3)
FN:153,(anonymous_4)
FN:159,(anonymous_5)
FN:189,(anonymous_6)
FN:202,(anonymous_7)
FN:218,(anonymous_8)
FN:245,(anonymous_9)
FN:252,(anonymous_10)
FN:263,(anonymous_11)
FNF:12
FNH:0
FNDA:0,(anonymous_0)
FNDA:0,(anonymous_1)
FNDA:0,(anonymous_2)
FNDA:0,(anonymous_3)
FNDA:0,(anonymous_4)
FNDA:0,(anonymous_5)
FNDA:0,(anonymous_6)
FNDA:0,(anonymous_7)
FNDA:0,(anonymous_8)
FNDA:0,(anonymous_9)
FNDA:0,(anonymous_10)
FNDA:0,(anonymous_11)
DA:9,0
DA:10,0
DA:30,0
DA:42,0
DA:44,0
DA:45,0
DA:46,0
DA:51,0
DA:54,0
DA:58,0
DA:59,0
DA:60,0
DA:61,0
DA:63,0
DA:65,0
DA:66,0
DA:67,0
DA:71,0
DA:72,0
DA:73,0
DA:74,0
DA:75,0
DA:78,0
DA:79,0
DA:80,0
DA:84,0
DA:88,0
DA:91,0
DA:92,0
DA:97,0
DA:101,0
DA:113,0
DA:124,0
DA:127,0
DA:128,0
DA:129,0
DA:133,0
DA:136,0
DA:138,0
DA:141,0
DA:142,0
DA:143,0
DA:144,0
DA:149,0
DA:153,0
DA:154,0
DA:155,0
DA:159,0
DA:160,0
DA:165,0
DA:181,0
DA:182,0
DA:190,0
DA:191,0
DA:192,0
DA:193,0
DA:203,0
DA:204,0
DA:205,0
DA:206,0
DA:207,0
DA:208,0
DA:219,0
DA:220,0
DA:221,0
DA:224,0
DA:225,0
DA:226,0
DA:229,0
DA:230,0
DA:232,0
DA:233,0
DA:235,0
DA:236,0
DA:246,0
DA:253,0
DA:254,0
DA:256,0
DA:264,0
LF:79
LH:0
BRDA:28,0,0,0
BRDA:34,1,0,0
BRDA:35,2,0,0
BRDA:36,3,0,0
BRDA:37,4,0,0
BRDA:38,5,0,0
BRDA:39,6,0,0
BRDA:40,7,0,0
BRDA:41,8,0,0
BRDA:44,9,0,0
BRDA:44,9,1,0
BRDA:51,10,0,0
BRDA:51,10,1,0
BRDA:71,11,0,0
BRDA:71,11,1,0
BRDA:73,12,0,0
BRDA:73,12,1,0
BRDA:78,13,0,0
BRDA:78,13,1,0
BRDA:91,14,0,0
BRDA:91,14,1,0
BRDA:118,15,0,0
BRDA:118,15,1,0
BRDA:124,16,0,0
BRDA:124,16,1,0
BRDA:124,17,0,0
BRDA:124,17,1,0
BRDA:141,18,0,0
BRDA:141,18,1,0
BRDA:143,19,0,0
BRDA:143,19,1,0
BRDA:191,20,0,0
BRDA:191,20,1,0
BRDA:204,21,0,0
BRDA:204,21,1,0
BRDA:205,22,0,0
BRDA:205,22,1,0
BRDA:207,23,0,0
BRDA:207,23,1,0
BRDA:220,24,0,0
BRDA:220,24,1,0
BRDA:224,25,0,0
BRDA:224,25,1,0
BRDA:225,26,0,0
BRDA:225,26,1,0
BRDA:229,27,0,0
BRDA:229,27,1,0
BRDA:232,28,0,0
BRDA:232,28,1,0
BRDA:235,29,0,0
BRDA:235,29,1,0
BRF:51
BRH:0
end_of_record
TN:
SF:src/modules/CesiumController.js
FN:52,(anonymous_0)
FN:137,(anonymous_1)
FN:145,(anonymous_2)
FN:148,(anonymous_3)
FN:153,(anonymous_4)
FN:162,(anonymous_5)
FN:170,(anonymous_6)
FN:178,(anonymous_7)
FN:187,(anonymous_8)
FN:202,(anonymous_9)
FN:207,(anonymous_10)
FN:221,(anonymous_11)
FN:237,(anonymous_12)
FN:240,(anonymous_13)
FN:248,(anonymous_14)
FN:254,(anonymous_15)
FN:260,(anonymous_16)
FN:265,(anonymous_17)
FN:269,(anonymous_18)
FN:271,(anonymous_19)
FN:272,(anonymous_20)
FN:275,(anonymous_21)
FN:277,(anonymous_22)
FN:278,(anonymous_23)
FN:281,(anonymous_24)
FN:283,(anonymous_25)
FN:292,(anonymous_26)
FN:296,(anonymous_27)
FN:312,(anonymous_28)
FN:314,(anonymous_29)
FN:315,(anonymous_30)
FN:318,(anonymous_31)
FN:322,(anonymous_32)
FN:332,(anonymous_33)
FN:355,(anonymous_34)
FN:376,(anonymous_35)
FN:389,(anonymous_36)
FN:403,(anonymous_37)
FN:417,(anonymous_38)
FN:448,(anonymous_39)
FN:514,(anonymous_40)
FN:531,(anonymous_41)
FN:540,(anonymous_42)
FN:622,(anonymous_43)
FN:630,(anonymous_44)
FN:638,(anonymous_45)
FN:877,(anonymous_46)
FN:939,(anonymous_47)
FN:954,(anonymous_48)
FN:983,(anonymous_49)
FN:1008,(anonymous_50)
FN:1067,(anonymous_51)
FN:1074,(anonymous_52)
FN:1075,(anonymous_53)
FN:1083,(anonymous_54)
FN:1084,(anonymous_55)
FN:1092,(anonymous_56)
FN:1125,(anonymous_57)
FN:1140,(anonymous_58)
FN:1141,(anonymous_59)
FN:1154,(anonymous_60)
FN:1170,(anonymous_61)
FN:1175,(anonymous_62)
FN:1190,(anonymous_63)
FN:1209,(anonymous_64)
FN:1213,(anonymous_65)
FN:1222,(anonymous_66)
FN:1237,(anonymous_67)
FN:1241,(anonymous_68)
FN:1254,(anonymous_69)
FN:1258,(anonymous_70)
FN:1261,(anonymous_71)
FN:1269,widgetError
FN:1275,(anonymous_73)
FN:1284,(anonymous_74)
FN:1296,(anonymous_75)
FN:1308,(anonymous_76)
FN:1323,(anonymous_77)
FN:1338,(anonymous_78)
FN:1352,(anonymous_79)
FN:1356,(anonymous_80)
FN:1373,(anonymous_81)
FN:1394,(anonymous_82)
FN:1398,(anonymous_83)
FN:1427,(anonymous_84)
FN:1431,(anonymous_85)
FN:1436,(anonymous_86)
FN:1446,(anonymous_87)
FN:1473,(anonymous_88)
FN:1486,(anonymous_89)
FN:1494,(anonymous_90)
FN:1513,(anonymous_91)
FN:1523,(anonymous_92)
FN:1574,(anonymous_93)
FN:1610,(anonymous_94)
FN:1652,(anonymous_95)
FN:1657,(anonymous_96)
FN:1669,(anonymous_97)
FN:1682,(anonymous_98)
FN:1686,(anonymous_99)
FN:1693,(anonymous_100)
FN:1700,(anonymous_101)
FNF:102
FNH:0
FNDA:0,(anonymous_0)
FNDA:0,(anonymous_1)
FNDA:0,(anonymous_2)
FNDA:0,(anonymous_3)
FNDA:0,(anonymous_4)
FNDA:0,(anonymous_5)
FNDA:0,(anonymous_6)
FNDA:0,(anonymous_7)
FNDA:0,(anonymous_8)
FNDA:0,(anonymous_9)
FNDA:0,(anonymous_10)
FNDA:0,(anonymous_11)
FNDA:0,(anonymous_12)
FNDA:0,(anonymous_13)
FNDA:0,(anonymous_14)
FNDA:0,(anonymous_15)
FNDA:0,(anonymous_16)
FNDA:0,(anonymous_17)
FNDA:0,(anonymous_18)
FNDA:0,(anonymous_19)
FNDA:0,(anonymous_20)
FNDA:0,(anonymous_21)
FNDA:0,(anonymous_22)
FNDA:0,(anonymous_23)
FNDA:0,(anonymous_24)
FNDA:0,(anonymous_25)
FNDA:0,(anonymous_26)
FNDA:0,(anonymous_27)
FNDA:0,(anonymous_28)
FNDA:0,(anonymous_29)
FNDA:0,(anonymous_30)
FNDA:0,(anonymous_31)
FNDA:0,(anonymous_32)
FNDA:0,(anonymous_33)
FNDA:0,(anonymous_34)
FNDA:0,(anonymous_35)
FNDA:0,(anonymous_36)
FNDA:0,(anonymous_37)
FNDA:0,(anonymous_38)
FNDA:0,(anonymous_39)
FNDA:0,(anonymous_40)
FNDA:0,(anonymous_41)
FNDA:0,(anonymous_42)
FNDA:0,(anonymous_43)
FNDA:0,(anonymous_44)
FNDA:0,(anonymous_45)
FNDA:0,(anonymous_46)
FNDA:0,(anonymous_47)
FNDA:0,(anonymous_48)
FNDA:0,(anonymous_49)
FNDA:0,(anonymous_50)
FNDA:0,(anonymous_51)
FNDA:0,(anonymous_52)
FNDA:0,(anonymous_53)
FNDA:0,(anonymous_54)
FNDA:0,(anonymous_55)
FNDA:0,(anonymous_56)
FNDA:0,(anonymous_57)
FNDA:0,(anonymous_58)
FNDA:0,(anonymous_59)
FNDA:0,(anonymous_60)
FNDA:0,(anonymous_61)
FNDA:0,(anonymous_62)
FNDA:0,(anonymous_63)
FNDA:0,(anonymous_64)
FNDA:0,(anonymous_65)
FNDA:0,(anonymous_66)
FNDA:0,(anonymous_67)
FNDA:0,(anonymous_68)
FNDA:0,(anonymous_69)
FNDA:0,(anonymous_70)
FNDA:0,(anonymous_71)
FNDA:0,widgetError
FNDA:0,(anonymous_73)
FNDA:0,(anonymous_74)
FNDA:0,(anonymous_75)
FNDA:0,(anonymous_76)
FNDA:0,(anonymous_77)
FNDA:0,(anonymous_78)
FNDA:0,(anonymous_79)
FNDA:0,(anonymous_80)
FNDA:0,(anonymous_81)
FNDA:0,(anonymous_82)
FNDA:0,(anonymous_83)
FNDA:0,(anonymous_84)
FNDA:0,(anonymous_85)
FNDA:0,(anonymous_86)
FNDA:0,(anonymous_87)
FNDA:0,(anonymous_88)
FNDA:0,(anonymous_89)
FNDA:0,(anonymous_90)
FNDA:0,(anonymous_91)
FNDA:0,(anonymous_92)
FNDA:0,(anonymous_93)
FNDA:0,(anonymous_94)
FNDA:0,(anonymous_95)
FNDA:0,(anonymous_96)
FNDA:0,(anonymous_97)
FNDA:0,(anonymous_98)
FNDA:0,(anonymous_99)
FNDA:0,(anonymous_100)
FNDA:0,(anonymous_101)
DA:49,0
DA:53,0
DA:54,0
DA:55,0
DA:58,0
DA:60,0
DA:82,0
DA:83,0
DA:84,0
DA:85,0
DA:86,0
DA:87,0
DA:88,0
DA:99,0
DA:102,0
DA:103,0
DA:105,0
DA:106,0
DA:107,0
DA:110,0
DA:113,0
DA:116,0
DA:119,0
DA:122,0
DA:125,0
DA:127,0
DA:130,0
DA:131,0
DA:133,0
DA:136,0
DA:137,0
DA:138,0
DA:142,0
DA:146,0
DA:148,0
DA:154,0
DA:163,0
DA:171,0
DA:179,0
DA:188,0
DA:202,0
DA:208,0
DA:222,0
DA:235,0
DA:237,0
DA:241,0
DA:248,0
DA:256,0
DA:260,0
DA:261,0
DA:266,0
DA:270,0
DA:271,0
DA:272,0
DA:276,0
DA:277,0
DA:278,0
DA:282,0
DA:283,0
DA:284,0
DA:285,0
DA:286,0
DA:287,0
DA:293,0
DA:297,0
DA:298,0
DA:299,0
DA:302,0
DA:303,0
DA:304,0
DA:305,0
DA:307,0
DA:309,0
DA:313,0
DA:314,0
DA:315,0
DA:319,0
DA:323,0
DA:324,0
DA:325,0
DA:328,0
DA:329,0
DA:333,0
DA:334,0
DA:335,0
DA:337,0
DA:338,0
DA:344,0
DA:346,0
DA:347,0
DA:348,0
DA:350,0
DA:351,0
DA:356,0
DA:358,0
DA:359,0
DA:360,0
DA:361,0
DA:362,0
DA:365,0
DA:366,0
DA:367,0
DA:368,0
DA:369,0
DA:372,0
DA:377,0
DA:379,0
DA:380,0
DA:382,0
DA:383,0
DA:385,0
DA:390,0
DA:391,0
DA:394,0
DA:395,0
DA:396,0
DA:397,0
DA:398,0
DA:399,0
DA:405,0
DA:406,0
DA:408,0
DA:409,0
DA:410,0
DA:411,0
DA:412,0
DA:413,0
DA:419,0
DA:420,0
DA:422,0
DA:423,0
DA:425,0
DA:427,0
DA:428,0
DA:429,0
DA:431,0
DA:433,0
DA:434,0
DA:437,0
DA:438,0
DA:441,0
DA:444,0
DA:449,0
DA:452,0
DA:453,0
DA:455,0
DA:456,0
DA:459,0
DA:460,0
DA:462,0
DA:463,0
DA:464,0
DA:465,0
DA:468,0
DA:469,0
DA:470,0
DA:474,0
DA:475,0
DA:476,0
DA:480,0
DA:482,0
DA:483,0
DA:485,0
DA:486,0
DA:490,0
DA:491,0
DA:494,0
DA:499,0
DA:500,0
DA:501,0
DA:503,0
DA:504,0
DA:505,0
DA:507,0
DA:508,0
DA:509,0
DA:515,0
DA:518,0
DA:519,0
DA:520,0
DA:521,0
DA:522,0
DA:523,0
DA:524,0
DA:525,0
DA:526,0
DA:527,0
DA:528,0
DA:529,0
DA:531,0
DA:532,0
DA:533,0
DA:534,0
DA:536,0
DA:540,0
DA:541,0
DA:542,0
DA:543,0
DA:546,0
DA:548,0
DA:549,0
DA:551,0
DA:553,0
DA:554,0
DA:557,0
DA:558,0
DA:561,0
DA:562,0
DA:563,0
DA:564,0
DA:565,0
DA:569,0
DA:570,0
DA:571,0
DA:574,0
DA:578,0
DA:579,0
DA:581,0
DA:582,0
DA:585,0
DA:588,0
DA:590,0
DA:591,0
DA:596,0
DA:598,0
DA:599,0
DA:600,0
DA:606,0
DA:607,0
DA:608,0
DA:612,0
DA:615,0
DA:622,0
DA:623,0
DA:625,0
DA:626,0
DA:630,0
DA:632,0
DA:638,0
DA:639,0
DA:642,0
DA:643,0
DA:646,0
DA:647,0
DA:649,0
DA:651,0
DA:652,0
DA:654,0
DA:655,0
DA:656,0
DA:658,0
DA:659,0
DA:660,0
DA:665,0
DA:666,0
DA:667,0
DA:669,0
DA:670,0
DA:673,0
DA:677,0
DA:681,0
DA:682,0
DA:685,0
DA:689,0
DA:690,0
DA:691,0
DA:692,0
DA:695,0
DA:698,0
DA:699,0
DA:700,0
DA:702,0
DA:703,0
DA:706,0
DA:707,0
DA:711,0
DA:716,0
DA:717,0
DA:721,0
DA:722,0
DA:723,0
DA:724,0
DA:728,0
DA:729,0
DA:732,0
DA:735,0
DA:736,0
DA:745,0
DA:746,0
DA:747,0
DA:751,0
DA:752,0
DA:756,0
DA:757,0
DA:758,0
DA:760,0
DA:764,0
DA:765,0
DA:766,0
DA:768,0
DA:769,0
DA:770,0
DA:771,0
DA:776,0
DA:778,0
DA:779,0
DA:781,0
DA:784,0
DA:785,0
DA:789,0
DA:792,0
DA:795,0
DA:796,0
DA:800,0
DA:801,0
DA:803,0
DA:804,0
DA:810,0
DA:811,0
DA:812,0
DA:814,0
DA:815,0
DA:817,0
DA:818,0
DA:821,0
DA:823,0
DA:824,0
DA:826,0
DA:827,0
DA:828,0
DA:833,0
DA:834,0
DA:835,0
DA:837,0
DA:838,0
DA:841,0
DA:842,0
DA:845,0
DA:847,0
DA:848,0
DA:849,0
DA:851,0
DA:852,0
DA:853,0
DA:858,0
DA:859,0
DA:860,0
DA:861,0
DA:865,0
DA:868,0
DA:869,0
DA:870,0
DA:871,0
DA:876,0
DA:877,0
DA:878,0
DA:879,0
DA:885,0
DA:887,0
DA:888,0
DA:890,0
DA:891,0
DA:892,0
DA:897,0
DA:898,0
DA:899,0
DA:901,0
DA:902,0
DA:905,0
DA:908,0
DA:910,0
DA:912,0
DA:913,0
DA:915,0
DA:916,0
DA:917,0
DA:922,0
DA:923,0
DA:927,0
DA:930,0
DA:931,0
DA:932,0
DA:933,0
DA:938,0
DA:939,0
DA:940,0
DA:941,0
DA:948,0
DA:954,0
DA:955,0
DA:956,0
DA:957,0
DA:958,0
DA:959,0
DA:960,0
DA:961,0
DA:962,0
DA:965,0
DA:968,0
DA:969,0
DA:973,0
DA:976,0
DA:983,0
DA:985,0
DA:986,0
DA:987,0
DA:992,0
DA:993,0
DA:996,0
DA:997,0
DA:999,0
DA:1002,0
DA:1008,0
DA:1009,0
DA:1010,0
DA:1011,0
DA:1014,0
DA:1015,0
DA:1016,0
DA:1017,0
DA:1018,0
DA:1019,0
DA:1021,0
DA:1022,0
DA:1023,0
DA:1026,0
DA:1028,0
DA:1029,0
DA:1030,0
DA:1031,0
DA:1032,0
DA:1033,0
DA:1036,0
DA:1037,0
DA:1039,0
DA:1042,0
DA:1043,0
DA:1044,0
DA:1045,0
DA:1046,0
DA:1047,0
DA:1049,0
DA:1050,0
DA:1051,0
DA:1054,0
DA:1055,0
DA:1057,0
DA:1058,0
DA:1062,0
DA:1063,0
DA:1064,0
DA:1065,0
DA:1067,0
DA:1072,0
DA:1073,0
DA:1074,0
DA:1076,0
DA:1077,0
DA:1081,0
DA:1082,0
DA:1083,0
DA:1085,0
DA:1086,0
DA:1090,0
DA:1091,0
DA:1092,0
DA:1093,0
DA:1094,0
DA:1095,0
DA:1096,0
DA:1097,0
DA:1098,0
DA:1099,0
DA:1100,0
DA:1101,0
DA:1103,0
DA:1104,0
DA:1105,0
DA:1106,0
DA:1109,0
DA:1112,0
DA:1114,0
DA:1118,0
DA:1119,0
DA:1126,0
DA:1127,0
DA:1128,0
DA:1129,0
DA:1130,0
DA:1131,0
DA:1132,0
DA:1133,0
DA:1134,0
DA:1135,0
DA:1136,0
DA:1141,0
DA:1142,0
DA:1143,0
DA:1145,0
DA:1146,0
DA:1147,0
DA:1148,0
DA:1149,0
DA:1150,0
DA:1155,0
DA:1156,0
DA:1158,0
DA:1163,0
DA:1164,0
DA:1165,0
DA:1166,0
DA:1167,0
DA:1171,0
DA:1172,0
DA:1174,0
DA:1175,0
DA:1176,0
DA:1177,0
DA:1179,0
DA:1184,0
DA:1185,0
DA:1187,0
DA:1191,0
DA:1192,0
DA:1193,0
DA:1194,0
DA:1195,0
DA:1196,0
DA:1197,0
DA:1199,0
DA:1200,0
DA:1201,0
DA:1202,0
DA:1203,0
DA:1204,0
DA:1205,0
DA:1210,0
DA:1214,0
DA:1215,0
DA:1217,0
DA:1218,0
DA:1223,0
DA:1226,0
DA:1227,0
DA:1230,0
DA:1231,0
DA:1233,0
DA:1238,0
DA:1242,0
DA:1243,0
DA:1244,0
DA:1245,0
DA:1246,0
DA:1247,0
DA:1248,0
DA:1249,0
DA:1250,0
DA:1255,0
DA:1260,0
DA:1261,0
DA:1262,0
DA:1263,0
DA:1267,0
DA:1268,0
DA:1269,0
DA:1270,0
DA:1271,0
DA:1276,0
DA:1277,0
DA:1278,0
DA:1280,0
DA:1281,0
DA:1282,0
DA:1284,0
DA:1285,0
DA:1286,0
DA:1287,0
DA:1292,0
DA:1293,0
DA:1294,0
DA:1295,0
DA:1296,0
DA:1297,0
DA:1298,0
DA:1299,0
DA:1300,0
DA:1306,0
DA:1308,0
DA:1309,0
DA:1310,0
DA:1311,0
DA:1312,0
DA:1314,0
DA:1315,0
DA:1321,0
DA:1323,0
DA:1324,0
DA:1331,0
DA:1334,0
DA:1335,0
DA:1336,0
DA:1337,0
DA:1338,0
DA:1339,0
DA:1340,0
DA:1342,0
DA:1343,0
DA:1344,0
DA:1346,0
DA:1349,0
DA:1350,0
DA:1354,0
DA:1355,0
DA:1356,0
DA:1357,0
DA:1359,0
DA:1360,0
DA:1361,0
DA:1362,0
DA:1368,0
DA:1369,0
DA:1370,0
DA:1373,0
DA:1374,0
DA:1375,0
DA:1377,0
DA:1380,0
DA:1381,0
DA:1383,0
DA:1384,0
DA:1387,0
DA:1388,0
DA:1392,0
DA:1395,0
DA:1396,0
DA:1399,0
DA:1403,0
DA:1404,0
DA:1408,0
DA:1409,0
DA:1413,0
DA:1414,0
DA:1416,0
DA:1418,0
DA:1421,0
DA:1422,0
DA:1423,0
DA:1427,0
DA:1430,0
DA:1431,0
DA:1435,0
DA:1436,0
DA:1439,0
DA:1441,0
DA:1443,0
DA:1446,0
DA:1447,0
DA:1448,0
DA:1449,0
DA:1450,0
DA:1451,0
DA:1452,0
DA:1454,0
DA:1456,0
DA:1461,0
DA:1464,0
DA:1465,0
DA:1466,0
DA:1468,0
DA:1473,0
DA:1474,0
DA:1479,0
DA:1487,0
DA:1488,0
DA:1492,0
DA:1494,0
DA:1495,0
DA:1496,0
DA:1500,0
DA:1501,0
DA:1504,0
DA:1506,0
DA:1509,0
DA:1514,0
DA:1515,0
DA:1519,0
DA:1520,0
DA:1523,0
DA:1524,0
DA:1525,0
DA:1527,0
DA:1529,0
DA:1535,0
DA:1536,0
DA:1538,0
DA:1541,0
DA:1551,0
DA:1553,0
DA:1554,0
DA:1555,0
DA:1556,0
DA:1563,0
DA:1567,0
DA:1568,0
DA:1571,0
DA:1574,0
DA:1575,0
DA:1576,0
DA:1578,0
DA:1580,0
DA:1583,0
DA:1589,0
DA:1592,0
DA:1599,0
DA:1606,0
DA:1610,0
DA:1611,0
DA:1612,0
DA:1614,0
DA:1616,0
DA:1619,0
DA:1625,0
DA:1627,0
DA:1630,0
DA:1638,0
DA:1645,0
DA:1649,0
DA:1654,0
DA:1657,0
DA:1658,0
DA:1661,0
DA:1662,0
DA:1664,0
DA:1667,0
DA:1669,0
DA:1671,0
DA:1673,0
DA:1676,0
DA:1679,0
DA:1682,0
DA:1683,0
DA:1684,0
DA:1688,0
DA:1689,0
DA:1690,0
DA:1694,0
DA:1697,0
DA:1700,0
DA:1703,0
DA:1704,0
DA:1705,0
DA:1706,0
LF:752
LH:0
BRDA:55,0,0,0
BRDA:55,0,1,0
BRDA:58,1,0,0
BRDA:58,1,1,0
BRDA:130,2,0,0
BRDA:130,2,1,0
BRDA:136,3,0,0
BRDA:136,3,1,0
BRDA:286,4,0,0
BRDA:286,4,1,0
BRDA:297,5,0,0
BRDA:297,5,1,0
BRDA:304,6,0,0
BRDA:304,6,1,0
BRDA:314,7,0,0
BRDA:314,7,1,0
BRDA:323,8,0,0
BRDA:323,8,1,0
BRDA:333,9,0,0
BRDA:333,9,1,0
BRDA:337,10,0,0
BRDA:337,10,1,0
BRDA:346,11,0,0
BRDA:346,11,1,0
BRDA:350,12,0,0
BRDA:350,12,1,0
BRDA:356,13,0,0
BRDA:356,13,1,0
BRDA:356,13,2,0
BRDA:377,14,0,0
BRDA:377,14,1,0
BRDA:377,14,2,0
BRDA:390,15,0,0
BRDA:390,15,1,0
BRDA:395,16,0,0
BRDA:395,16,1,0
BRDA:403,17,0,0
BRDA:403,18,0,0
BRDA:405,19,0,0
BRDA:405,19,1,0
BRDA:411,20,0,0
BRDA:411,20,1,0
BRDA:419,21,0,0
BRDA:419,21,1,0
BRDA:425,22,0,0
BRDA:425,22,1,0
BRDA:431,23,0,0
BRDA:431,23,1,0
BRDA:431,24,0,0
BRDA:431,24,1,0
BRDA:449,25,0,0
BRDA:449,25,1,0
BRDA:462,26,0,0
BRDA:462,26,1,0
BRDA:462,27,0,0
BRDA:462,27,1,0
BRDA:468,28,0,0
BRDA:468,28,1,0
BRDA:474,29,0,0
BRDA:474,29,1,0
BRDA:480,30,0,0
BRDA:480,30,1,0
BRDA:483,31,0,0
BRDA:483,31,1,0
BRDA:507,32,0,0
BRDA:507,32,1,0
BRDA:533,33,0,0
BRDA:533,33,1,0
BRDA:542,34,0,0
BRDA:542,34,1,0
BRDA:542,35,0,0
BRDA:542,35,1,0
BRDA:546,36,0,0
BRDA:546,36,1,0
BRDA:546,37,0,0
BRDA:546,37,1,0
BRDA:551,38,0,0
BRDA:551,38,1,0
BRDA:551,39,0,0
BRDA:551,39,1,0
BRDA:598,40,0,0
BRDA:598,40,1,0
BRDA:623,41,0,0
BRDA:623,41,1,0
BRDA:623,42,0,0
BRDA:623,42,1,0
BRDA:623,42,2,0
BRDA:625,43,0,0
BRDA:625,43,1,0
BRDA:639,44,0,0
BRDA:639,44,1,0
BRDA:639,45,0,0
BRDA:639,45,1,0
BRDA:639,45,2,0
BRDA:642,46,0,0
BRDA:642,46,1,0
BRDA:649,47,0,0
BRDA:649,47,1,0
BRDA:658,48,0,0
BRDA:658,48,1,0
BRDA:665,49,0,0
BRDA:665,49,1,0
BRDA:669,50,0,0
BRDA:669,50,1,0
BRDA:682,51,0,0
BRDA:682,51,1,0
BRDA:716,52,0,0
BRDA:716,52,1,0
BRDA:735,53,0,0
BRDA:735,53,1,0
BRDA:735,54,0,0
BRDA:735,54,1,0
BRDA:751,55,0,0
BRDA:751,55,1,0
BRDA:751,56,0,0
BRDA:751,56,1,0
BRDA:758,57,0,0
BRDA:758,57,1,0
BRDA:766,58,0,0
BRDA:766,58,1,0
BRDA:766,58,2,0
BRDA:768,59,0,0
BRDA:768,59,1,0
BRDA:768,60,0,0
BRDA:768,60,1,0
BRDA:776,61,0,0
BRDA:776,61,1,0
BRDA:776,62,0,0
BRDA:776,62,1,0
BRDA:776,62,2,0
BRDA:778,63,0,0
BRDA:778,63,1,0
BRDA:778,64,0,0
BRDA:778,64,1,0
BRDA:784,65,0,0
BRDA:784,65,1,0
BRDA:795,66,0,0
BRDA:795,66,1,0
BRDA:800,67,0,0
BRDA:800,67,1,0
BRDA:800,68,0,0
BRDA:800,68,1,0
BRDA:803,69,0,0
BRDA:803,69,1,0
BRDA:803,70,0,0
BRDA:803,70,1,0
BRDA:817,71,0,0
BRDA:817,71,1,0
BRDA:818,72,0,0
BRDA:818,72,1,0
BRDA:821,73,0,0
BRDA:821,73,1,0
BRDA:826,74,0,0
BRDA:826,74,1,0
BRDA:851,75,0,0
BRDA:851,75,1,0
BRDA:868,76,0,0
BRDA:868,76,1,0
BRDA:868,77,0,0
BRDA:868,77,1,0
BRDA:870,78,0,0
BRDA:870,78,1,0
BRDA:876,79,0,0
BRDA:876,79,1,0
BRDA:876,80,0,0
BRDA:876,80,1,0
BRDA:878,81,0,0
BRDA:878,81,1,0
BRDA:885,82,0,0
BRDA:885,82,1,0
BRDA:890,83,0,0
BRDA:890,83,1,0
BRDA:915,84,0,0
BRDA:915,84,1,0
BRDA:930,85,0,0
BRDA:930,85,1,0
BRDA:930,86,0,0
BRDA:930,86,1,0
BRDA:932,87,0,0
BRDA:932,87,1,0
BRDA:938,88,0,0
BRDA:938,88,1,0
BRDA:938,89,0,0
BRDA:938,89,1,0
BRDA:940,90,0,0
BRDA:940,90,1,0
BRDA:955,91,0,0
BRDA:955,91,1,0
BRDA:968,92,0,0
BRDA:968,92,1,0
BRDA:986,93,0,0
BRDA:986,93,1,0
BRDA:986,94,0,0
BRDA:986,94,1,0
BRDA:997,95,0,0
BRDA:997,95,1,0
BRDA:1009,96,0,0
BRDA:1009,96,1,0
BRDA:1009,97,0,0
BRDA:1009,97,1,0
BRDA:1010,98,0,0
BRDA:1010,98,1,0
BRDA:1010,99,0,0
BRDA:1010,99,1,0
BRDA:1010,99,2,0
BRDA:1036,100,0,0
BRDA:1036,100,1,0
BRDA:1049,101,0,0
BRDA:1049,101,1,0
BRDA:1055,102,0,0
BRDA:1055,102,1,0
BRDA:1093,103,0,0
BRDA:1093,103,1,0
BRDA:1114,104,0,0
BRDA:1114,104,1,0
BRDA:1128,105,0,0
BRDA:1128,105,1,0
BRDA:1142,106,0,0
BRDA:1142,106,1,0
BRDA:1154,107,0,0
BRDA:1155,108,0,0
BRDA:1155,108,1,0
BRDA:1155,109,0,0
BRDA:1155,109,1,0
BRDA:1171,110,0,0
BRDA:1171,110,1,0
BRDA:1171,111,0,0
BRDA:1171,111,1,0
BRDA:1176,112,0,0
BRDA:1176,112,1,0
BRDA:1176,113,0,0
BRDA:1176,113,1,0
BRDA:1191,114,0,0
BRDA:1191,114,1,0
BRDA:1214,115,0,0
BRDA:1214,115,1,0
BRDA:1217,116,0,0
BRDA:1217,116,1,0
BRDA:1223,117,0,0
BRDA:1223,117,1,0
BRDA:1223,117,2,0
BRDA:1242,118,0,0
BRDA:1242,118,1,0
BRDA:1254,119,0,0
BRDA:1278,120,0,0
BRDA:1278,120,1,0
BRDA:1278,121,0,0
BRDA:1278,121,1,0
BRDA:1284,122,0,0
BRDA:1299,123,0,0
BRDA:1299,123,1,0
BRDA:1309,124,0,0
BRDA:1309,124,1,0
BRDA:1311,125,0,0
BRDA:1311,125,1,0
BRDA:1314,126,0,0
BRDA:1314,126,1,0
BRDA:1339,127,0,0
BRDA:1339,127,1,0
BRDA:1375,128,0,0
BRDA:1375,128,1,0
BRDA:1380,129,0,0
BRDA:1380,129,1,0
BRDA:1381,130,0,0
BRDA:1381,130,1,0
BRDA:1381,131,0,0
BRDA:1381,131,1,0
BRDA:1384,132,0,0
BRDA:1384,132,1,0
BRDA:1387,133,0,0
BRDA:1387,133,1,0
BRDA:1409,134,0,0
BRDA:1409,134,1,0
BRDA:1413,135,0,0
BRDA:1413,135,1,0
BRDA:1413,136,0,0
BRDA:1413,136,1,0
BRDA:1414,137,0,0
BRDA:1414,137,1,0
BRDA:1421,138,0,0
BRDA:1421,138,1,0
BRDA:1427,139,0,0
BRDA:1427,139,1,0
BRDA:1427,139,2,0
BRDA:1427,139,3,0
BRDA:1430,140,0,0
BRDA:1430,140,1,0
BRDA:1431,141,0,0
BRDA:1431,141,1,0
BRDA:1431,141,2,0
BRDA:1435,142,0,0
BRDA:1435,142,1,0
BRDA:1436,143,0,0
BRDA:1436,143,1,0
BRDA:1436,143,2,0
BRDA:1439,144,0,0
BRDA:1439,144,1,0
BRDA:1441,145,0,0
BRDA:1441,145,1,0
BRDA:1443,146,0,0
BRDA:1443,146,1,0
BRDA:1448,147,0,0
BRDA:1448,147,1,0
BRDA:1464,148,0,0
BRDA:1464,148,1,0
BRDA:1487,149,0,0
BRDA:1487,149,1,0
BRDA:1487,150,0,0
BRDA:1487,150,1,0
BRDA:1504,151,0,0
BRDA:1504,151,1,0
BRDA:1504,152,0,0
BRDA:1504,152,1,0
BRDA:1514,153,0,0
BRDA:1514,153,1,0
BRDA:1514,154,0,0
BRDA:1514,154,1,0
BRDA:1527,155,0,0
BRDA:1527,155,1,0
BRDA:1527,156,0,0
BRDA:1527,156,1,0
BRDA:1578,157,0,0
BRDA:1578,157,1,0
BRDA:1578,158,0,0
BRDA:1578,158,1,0
BRDA:1578,158,2,0
BRDA:1578,158,3,0
BRDA:1580,159,0,0
BRDA:1580,159,1,0
BRDA:1614,160,0,0
BRDA:1614,160,1,0
BRDA:1614,161,0,0
BRDA:1614,161,1,0
BRDA:1614,161,2,0
BRDA:1614,161,3,0
BRDA:1616,162,0,0
BRDA:1616,162,1,0
BRDA:1661,163,0,0
BRDA:1661,163,1,0
BRDA:1667,164,0,0
BRDA:1667,164,1,0
BRDA:1667,165,0,0
BRDA:1667,165,1,0
BRDA:1667,165,2,0
BRDA:1671,166,0,0
BRDA:1671,166,1,0
BRDA:1683,167,0,0
BRDA:1683,167,1,0
BRDA:1683,168,0,0
BRDA:1683,168,1,0
BRDA:1689,169,0,0
BRDA:1689,169,1,0
BRDA:1689,170,0,0
BRDA:1689,170,1,0
BRDA:1703,171,0,0
BRDA:1703,171,1,0
BRDA:1705,172,0,0
BRDA:1705,172,1,0
BRF:358
BRH:0
end_of_record
TN:
SF:src/modules/EarthManager.js
FN:21,(anonymous_0)
FN:50,(anonymous_1)
FN:65,(anonymous_2)
FN:70,(anonymous_3)
FN:78,(anonymous_4)
FN:89,(anonymous_5)
FN:152,(anonymous_6)
FN:167,(anonymous_7)
FN:181,(anonymous_8)
FN:194,(anonymous_9)
FN:200,(anonymous_10)
FN:219,(anonymous_11)
FN:233,(anonymous_12)
FN:246,(anonymous_13)
FN:255,(anonymous_14)
FN:301,(anonymous_15)
FN:306,(anonymous_16)
FN:323,(anonymous_17)
FN:343,(anonymous_18)
FN:350,(anonymous_19)
FN:372,(anonymous_20)
FN:386,(anonymous_21)
FN:395,(anonymous_22)
FN:409,(anonymous_23)
FN:443,(anonymous_24)
FN:476,(anonymous_25)
FN:494,(anonymous_26)
FN:513,(anonymous_27)
FN:542,(anonymous_28)
FN:550,(anonymous_29)
FN:558,(anonymous_30)
FN:572,(anonymous_31)
FN:582,(anonymous_32)
FN:611,(anonymous_33)
FN:618,(anonymous_34)
FN:649,(anonymous_35)
FNF:36
FNH:0
FNDA:0,(anonymous_0)
FNDA:0,(anonymous_1)
FNDA:0,(anonymous_2)
FNDA:0,(anonymous_3)
FNDA:0,(anonymous_4)
FNDA:0,(anonymous_5)
FNDA:0,(anonymous_6)
FNDA:0,(anonymous_7)
FNDA:0,(anonymous_8)
FNDA:0,(anonymous_9)
FNDA:0,(anonymous_10)
FNDA:0,(anonymous_11)
FNDA:0,(anonymous_12)
FNDA:0,(anonymous_13)
FNDA:0,(anonymous_14)
FNDA:0,(anonymous_15)
FNDA:0,(anonymous_16)
FNDA:0,(anonymous_17)
FNDA:0,(anonymous_18)
FNDA:0,(anonymous_19)
FNDA:0,(anonymous_20)
FNDA:0,(anonymous_21)
FNDA:0,(anonymous_22)
FNDA:0,(anonymous_23)
FNDA:0,(anonymous_24)
FNDA:0,(anonymous_25)
FNDA:0,(anonymous_26)
FNDA:0,(anonymous_27)
FNDA:0,(anonymous_28)
FNDA:0,(anonymous_29)
FNDA:0,(anonymous_30)
FNDA:0,(anonymous_31)
FNDA:0,(anonymous_32)
FNDA:0,(anonymous_33)
FNDA:0,(anonymous_34)
FNDA:0,(anonymous_35)
DA:22,0
DA:23,0
DA:24,0
DA:25,0
DA:26,0
DA:27,0
DA:28,0
DA:29,0
DA:30,0
DA:31,0
DA:32,0
DA:33,0
DA:34,0
DA:35,0
DA:36,0
DA:37,0
DA:38,0
DA:39,0
DA:40,0
DA:41,0
DA:42,0
DA:43,0
DA:51,0
DA:52,0
DA:55,0
DA:56,0
DA:58,0
DA:59,0
DA:60,0
DA:61,0
DA:65,0
DA:66,0
DA:70,0
DA:71,0
DA:73,0
DA:78,0
DA:79,0
DA:81,0
DA:83,0
DA:90,0
DA:91,0
DA:94,0
DA:97,0
DA:98,0
DA:99,0
DA:103,0
DA:104,0
DA:105,0
DA:109,0
DA:110,0
DA:111,0
DA:115,0
DA:116,0
DA:117,0
DA:121,0
DA:122,0
DA:123,0
DA:125,0
DA:126,0
DA:127,0
DA:131,0
DA:134,0
DA:135,0
DA:136,0
DA:140,0
DA:141,0
DA:142,0
DA:143,0
DA:145,0
DA:153,0
DA:154,0
DA:157,0
DA:158,0
DA:159,0
DA:160,0
DA:169,0
DA:172,0
DA:181,0
DA:194,0
DA:200,0
DA:202,0
DA:206,0
DA:207,0
DA:209,0
DA:212,0
DA:213,0
DA:219,0
DA:220,0
DA:223,0
DA:233,0
DA:246,0
DA:256,0
DA:258,0
DA:261,0
DA:262,0
DA:273,0
DA:285,0
DA:286,0
DA:301,0
DA:306,0
DA:308,0
DA:311,0
DA:312,0
DA:313,0
DA:316,0
DA:317,0
DA:323,0
DA:324,0
DA:327,0
DA:343,0
DA:349,0
DA:350,0
DA:351,0
DA:352,0
DA:354,0
DA:357,0
DA:358,0
DA:359,0
DA:360,0
DA:362,0
DA:373,0
DA:374,0
DA:377,0
DA:378,0
DA:387,0
DA:388,0
DA:391,0
DA:394,0
DA:395,0
DA:396,0
DA:401,0
DA:410,0
DA:411,0
DA:414,0
DA:415,0
DA:418,0
DA:419,0
DA:420,0
DA:423,0
DA:426,0
DA:429,0
DA:430,0
DA:435,0
DA:436,0
DA:444,0
DA:445,0
DA:449,0
DA:450,0
DA:451,0
DA:453,0
DA:456,0
DA:457,0
DA:459,0
DA:460,0
DA:464,0
DA:467,0
DA:468,0
DA:477,0
DA:495,0
DA:514,0
DA:515,0
DA:516,0
DA:518,0
DA:521,0
DA:522,0
DA:523,0
DA:524,0
DA:526,0
DA:527,0
DA:530,0
DA:531,0
DA:532,0
DA:533,0
DA:535,0
DA:543,0
DA:551,0
DA:559,0
DA:561,0
DA:562,0
DA:563,0
DA:564,0
DA:573,0
DA:583,0
DA:586,0
DA:589,0
DA:590,0
DA:591,0
DA:594,0
DA:595,0
DA:596,0
DA:597,0
DA:600,0
DA:601,0
DA:602,0
DA:604,0
DA:612,0
DA:614,0
DA:616,0
DA:619,0
DA:621,0
DA:624,0
DA:639,0
DA:641,0
DA:650,0
DA:651,0
DA:654,0
DA:655,0
DA:656,0
DA:657,0
DA:658,0
DA:659,0
LF:211
LH:0
BRDA:50,0,0,0
BRDA:51,1,0,0
BRDA:51,1,1,0
BRDA:58,2,0,0
BRDA:58,2,1,0
BRDA:60,3,0,0
BRDA:60,3,1,0
BRDA:71,4,0,0
BRDA:71,4,1,0
BRDA:90,5,0,0
BRDA:90,5,1,0
BRDA:97,6,0,0
BRDA:97,6,1,0
BRDA:103,7,0,0
BRDA:103,7,1,0
BRDA:109,8,0,0
BRDA:109,8,1,0
BRDA:115,9,0,0
BRDA:115,9,1,0
BRDA:121,10,0,0
BRDA:121,10,1,0
BRDA:125,11,0,0
BRDA:125,11,1,0
BRDA:134,12,0,0
BRDA:134,12,1,0
BRDA:134,13,0,0
BRDA:134,13,1,0
BRDA:153,14,0,0
BRDA:153,14,1,0
BRDA:158,15,0,0
BRDA:158,15,1,0
BRDA:194,16,0,0
BRDA:194,16,1,0
BRDA:207,17,0,0
BRDA:207,17,1,0
BRDA:246,18,0,0
BRDA:246,18,1,0
BRDA:301,19,0,0
BRDA:301,19,1,0
BRDA:312,20,0,0
BRDA:312,20,1,0
BRDA:343,21,0,0
BRDA:343,21,1,0
BRDA:351,22,0,0
BRDA:351,22,1,0
BRDA:351,23,0,0
BRDA:351,23,1,0
BRDA:358,24,0,0
BRDA:358,24,1,0
BRDA:373,25,0,0
BRDA:373,25,1,0
BRDA:387,26,0,0
BRDA:387,26,1,0
BRDA:394,27,0,0
BRDA:394,27,1,0
BRDA:394,28,0,0
BRDA:394,28,1,0
BRDA:394,28,2,0
BRDA:429,29,0,0
BRDA:429,29,1,0
BRDA:444,30,0,0
BRDA:444,30,1,0
BRDA:450,31,0,0
BRDA:450,31,1,0
BRDA:459,32,0,0
BRDA:459,32,1,0
BRDA:467,33,0,0
BRDA:467,33,1,0
BRDA:467,34,0,0
BRDA:467,34,1,0
BRDA:513,35,0,0
BRDA:562,36,0,0
BRDA:562,36,1,0
BRDA:612,37,0,0
BRDA:612,37,1,0
BRDA:612,38,0,0
BRDA:612,38,1,0
BRDA:619,39,0,0
BRDA:619,39,1,0
BRDA:639,40,0,0
BRDA:639,40,1,0
BRDA:639,41,0,0
BRDA:639,41,1,0
BRDA:650,42,0,0
BRDA:650,42,1,0
BRDA:654,43,0,0
BRDA:654,43,1,0
BRDA:654,44,0,0
BRDA:654,44,1,0
BRF:89
BRH:0
end_of_record
TN:
SF:src/modules/GroundStationEntity.js
FN:9,(anonymous_0)
FN:25,(anonymous_1)
FN:30,(anonymous_2)
FN:41,(anonymous_3)
FN:49,(anonymous_4)
FN:59,(anonymous_5)
FN:60,(anonymous_6)
FN:67,(anonymous_7)
FN:71,(anonymous_8)
FN:78,(anonymous_9)
FN:126,(anonymous_10)
FN:139,(anonymous_11)
FN:140,(anonymous_12)
FN:146,(anonymous_13)
FN:156,(anonymous_14)
FN:168,(anonymous_15)
FN:214,(anonymous_16)
FN:224,(anonymous_17)
FNF:18
FNH:0
FNDA:0,(anonymous_0)
FNDA:0,(anonymous_1)
FNDA:0,(anonymous_2)
FNDA:0,(anonymous_3)
FNDA:0,(anonymous_4)
FNDA:0,(anonymous_5)
FNDA:0,(anonymous_6)
FNDA:0,(anonymous_7)
FNDA:0,(anonymous_8)
FNDA:0,(anonymous_9)
FNDA:0,(anonymous_10)
FNDA:0,(anonymous_11)
FNDA:0,(anonymous_12)
FNDA:0,(anonymous_13)
FNDA:0,(anonymous_14)
FNDA:0,(anonymous_15)
FNDA:0,(anonymous_16)
FNDA:0,(anonymous_17)
DA:10,0
DA:11,0
DA:12,0
DA:13,0
DA:16,0
DA:17,0
DA:18,0
DA:19,0
DA:20,0
DA:22,0
DA:26,0
DA:27,0
DA:31,0
DA:32,0
DA:33,0
DA:34,0
DA:38,0
DA:43,0
DA:44,0
DA:45,0
DA:50,0
DA:56,0
DA:60,0
DA:61,0
DA:62,0
DA:63,0
DA:68,0
DA:72,0
DA:73,0
DA:75,0
DA:80,0
DA:81,0
DA:87,0
DA:91,0
DA:92,0
DA:93,0
DA:97,0
DA:98,0
DA:102,0
DA:103,0
DA:104,0
DA:105,0
DA:107,0
DA:108,0
DA:113,0
DA:114,0
DA:115,0
DA:123,0
DA:124,0
DA:126,0
DA:130,0
DA:131,0
DA:133,0
DA:138,0
DA:139,0
DA:140,0
DA:141,0
DA:146,0
DA:147,0
DA:149,0
DA:150,0
DA:156,0
DA:159,0
DA:160,0
DA:161,0
DA:162,0
DA:165,0
DA:170,0
DA:171,0
DA:177,0
DA:181,0
DA:182,0
DA:183,0
DA:187,0
DA:188,0
DA:192,0
DA:193,0
DA:194,0
DA:195,0
DA:197,0
DA:198,0
DA:203,0
DA:204,0
DA:205,0
DA:210,0
DA:211,0
DA:214,0
DA:215,0
DA:216,0
DA:220,0
DA:221,0
DA:224,0
DA:227,0
DA:228,0
DA:229,0
DA:230,0
DA:233,0
LF:97
LH:0
BRDA:9,0,0,0
BRDA:43,1,0,0
BRDA:43,1,1,0
BRDA:43,2,0,0
BRDA:43,2,1,0
BRDA:72,3,0,0
BRDA:72,3,1,0
BRDA:78,4,0,0
BRDA:87,5,0,0
BRDA:87,5,1,0
BRDA:87,5,2,0
BRDA:91,6,0,0
BRDA:91,6,1,0
BRDA:97,7,0,0
BRDA:97,7,1,0
BRDA:97,8,0,0
BRDA:97,8,1,0
BRDA:102,9,0,0
BRDA:102,9,1,0
BRDA:102,10,0,0
BRDA:102,10,1,0
BRDA:102,10,2,0
BRDA:113,11,0,0
BRDA:113,11,1,0
BRDA:113,12,0,0
BRDA:113,12,1,0
BRDA:130,13,0,0
BRDA:130,13,1,0
BRDA:130,14,0,0
BRDA:130,14,1,0
BRDA:138,15,0,0
BRDA:138,15,1,0
BRDA:149,16,0,0
BRDA:149,16,1,0
BRDA:149,17,0,0
BRDA:149,17,1,0
BRDA:168,18,0,0
BRDA:177,19,0,0
BRDA:177,19,1,0
BRDA:177,19,2,0
BRDA:181,20,0,0
BRDA:181,20,1,0
BRDA:187,21,0,0
BRDA:187,21,1,0
BRDA:187,22,0,0
BRDA:187,22,1,0
BRDA:192,23,0,0
BRDA:192,23,1,0
BRDA:192,24,0,0
BRDA:192,24,1,0
BRDA:192,24,2,0
BRDA:203,25,0,0
BRDA:203,25,1,0
BRDA:203,26,0,0
BRDA:203,26,1,0
BRF:55
BRH:0
end_of_record
TN:
SF:src/modules/Orbit.js
FN:17,(anonymous_0)
FN:23,(anonymous_1)
FN:27,(anonymous_2)
FN:31,(anonymous_3)
FN:35,(anonymous_4)
FN:41,(anonymous_5)
FN:46,(anonymous_6)
FN:54,(anonymous_7)
FN:71,(anonymous_8)
FN:98,(anonymous_9)
FN:215,(anonymous_10)
FN:242,(anonymous_11)
FN:359,(anonymous_12)
FN:429,(anonymous_13)
FN:475,(anonymous_14)
FNF:15
FNH:11
FNDA:61,(anonymous_0)
FNDA:19249,(anonymous_1)
FNDA:0,(anonymous_2)
FNDA:41,(anonymous_3)
FNDA:1413,(anonymous_4)
FNDA:116087,(anonymous_5)
FNDA:116085,(anonymous_6)
FNDA:2,(anonymous_7)
FNDA:0,(anonymous_8)
FNDA:14,(anonymous_9)
FNDA:0,(anonymous_10)
FNDA:0,(anonymous_11)
FNDA:19220,(anonymous_12)
FNDA:13712,(anonymous_13)
FNDA:493,(anonymous_14)
DA:7,2
DA:8,2
DA:13,2
DA:14,2
DA:15,2
DA:18,61
DA:19,61
DA:20,61
DA:24,19249
DA:28,0
DA:32,41
DA:36,1413
DA:37,1413
DA:38,1413
DA:42,116087
DA:43,116087
DA:47,116085
DA:48,116085
DA:49,116085
DA:50,116085
DA:51,116085
DA:55,2
DA:56,2
DA:57,2
DA:58,2
DA:59,2
DA:61,2
DA:73,0
DA:74,0
DA:75,0
DA:78,0
DA:79,0
DA:80,0
DA:81,0
DA:82,0
DA:83,0
DA:84,0
DA:87,0
DA:89,0
DA:95,0
DA:102,14
DA:103,1
DA:109,13
DA:110,13
DA:111,13
DA:114,14
DA:117,14
DA:118,14
DA:119,14
DA:120,14
DA:123,14
DA:124,14
DA:125,14
DA:126,14
DA:127,14
DA:130,14
DA:132,102373
DA:133,102373
DA:134,0
DA:135,0
DA:137,102373
DA:138,102373
DA:140,102373
DA:142,41556
DA:144,490
DA:153,490
DA:154,41066
DA:156,20643
DA:157,20643
DA:158,20643
DA:161,41556
DA:162,60817
DA:164,490
DA:165,490
DA:166,490
DA:167,490
DA:168,490
DA:171,490
DA:174,490
DA:175,490
DA:176,490
DA:177,490
DA:180,490
DA:181,8
DA:184,482
DA:185,482
DA:187,482
DA:190,60327
DA:191,60327
DA:193,60327
DA:195,915
DA:196,915
DA:197,59412
DA:199,10899
DA:200,48513
DA:202,4572
DA:203,43941
DA:205,8763
DA:208,35178
DA:212,13
DA:217,0
DA:218,0
DA:219,0
DA:222,0
DA:223,0
DA:224,0
DA:225,0
DA:226,0
DA:227,0
DA:228,0
DA:231,0
DA:233,0
DA:239,0
DA:246,0
DA:247,0
DA:248,0
DA:251,0
DA:253,0
DA:254,0
DA:255,0
DA:256,0
DA:258,0
DA:259,0
DA:260,0
DA:261,0
DA:262,0
DA:264,0
DA:265,0
DA:266,0
DA:267,0
DA:268,0
DA:272,0
DA:273,0
DA:276,0
DA:277,0
DA:278,0
DA:279,0
DA:280,0
DA:281,0
DA:284,0
DA:285,0
DA:287,0
DA:288,0
DA:290,0
DA:302,0
DA:303,0
DA:305,0
DA:306,0
DA:308,0
DA:309,0
DA:311,0
DA:312,0
DA:313,0
DA:314,0
DA:317,0
DA:319,0
DA:320,0
DA:321,0
DA:323,0
DA:324,0
DA:326,0
DA:329,0
DA:330,0
DA:332,0
DA:334,0
DA:335,0
DA:337,0
DA:338,0
DA:340,0
DA:341,0
DA:343,0
DA:346,0
DA:351,0
DA:361,19220
DA:362,19220
DA:363,19220
DA:366,19220
DA:367,5509
DA:370,13711
DA:372,13711
DA:375,13711
DA:376,13711
DA:379,13711
DA:386,13711
DA:391,13711
DA:394,13711
DA:395,13711
DA:402,13711
DA:405,13711
DA:408,13711
DA:410,3711
DA:411,3711
DA:413,13711
DA:415,13711
DA:417,0
DA:418,0
DA:431,13712
DA:438,13712
DA:445,13712
DA:446,13712
DA:450,13712
DA:451,7616
DA:455,6096
DA:456,6096
DA:459,6096
DA:463,6096
DA:465,6096
DA:476,493
DA:477,493
DA:478,493
DA:480,493
DA:481,493
DA:483,493
DA:484,7642
DA:485,7642
DA:487,7642
DA:489,85
DA:494,85
DA:498,493
LF:219
LH:128
BRDA:43,0,0,116086
BRDA:43,0,1,1
BRDA:48,1,0,0
BRDA:48,1,1,116085
BRDA:54,2,0,2
BRDA:56,3,0,0
BRDA:56,3,1,2
BRDA:65,4,0,2
BRDA:65,4,1,1
BRDA:71,5,0,0
BRDA:71,6,0,0
BRDA:71,7,0,0
BRDA:71,8,0,0
BRDA:73,9,0,0
BRDA:73,9,1,0
BRDA:98,10,0,14
BRDA:98,11,0,14
BRDA:98,12,0,14
BRDA:98,13,0,14
BRDA:102,14,0,1
BRDA:102,14,1,13
BRDA:111,15,0,12
BRDA:111,15,1,1
BRDA:133,16,0,0
BRDA:133,16,1,102373
BRDA:140,17,0,41556
BRDA:140,17,1,60817
BRDA:142,18,0,490
BRDA:142,18,1,41066
BRDA:154,19,0,20643
BRDA:154,19,1,20423
BRDA:162,20,0,490
BRDA:162,20,1,60327
BRDA:180,21,0,8
BRDA:180,21,1,482
BRDA:193,22,0,915
BRDA:193,22,1,59412
BRDA:197,23,0,10899
BRDA:197,23,1,48513
BRDA:200,24,0,4572
BRDA:200,24,1,43941
BRDA:203,25,0,8763
BRDA:203,25,1,35178
BRDA:215,26,0,0
BRDA:215,27,0,0
BRDA:215,28,0,0
BRDA:217,29,0,0
BRDA:217,29,1,0
BRDA:242,30,0,0
BRDA:242,31,0,0
BRDA:242,32,0,0
BRDA:248,33,0,0
BRDA:248,33,1,0
BRDA:266,34,0,0
BRDA:266,34,1,0
BRDA:287,35,0,0
BRDA:287,35,1,0
BRDA:288,36,0,0
BRDA:288,36,1,0
BRDA:303,37,0,0
BRDA:303,37,1,0
BRDA:309,38,0,0
BRDA:309,38,1,0
BRDA:320,39,0,0
BRDA:320,39,1,0
BRDA:332,40,0,0
BRDA:332,40,1,0
BRDA:332,41,0,0
BRDA:332,41,1,0
BRDA:335,42,0,0
BRDA:335,42,1,0
BRDA:338,43,0,0
BRDA:338,43,1,0
BRDA:341,44,0,0
BRDA:341,44,1,0
BRDA:366,45,0,5509
BRDA:366,45,1,13711
BRDA:408,46,0,3711
BRDA:408,46,1,10000
BRDA:450,47,0,7616
BRDA:450,47,1,6096
BRDA:475,48,0,493
BRDA:487,49,0,85
BRDA:487,49,1,7557
BRF:84
BRH:43
end_of_record
TN:
SF:src/modules/PlanetManager.js
FN:11,(anonymous_0)
FN:48,(anonymous_1)
FN:60,(anonymous_2)
FN:68,(anonymous_3)
FN:77,(anonymous_4)
FN:86,(anonymous_5)
FN:91,(anonymous_6)
FN:102,(anonymous_7)
FN:143,(anonymous_8)
FN:165,(anonymous_9)
FN:180,(anonymous_10)
FN:183,(anonymous_11)
FN:184,(anonymous_12)
FN:188,(anonymous_13)
FN:190,(anonymous_14)
FN:234,(anonymous_15)
FN:236,(anonymous_16)
FN:238,(anonymous_17)
FN:250,(anonymous_18)
FN:257,(anonymous_19)
FN:258,(anonymous_20)
FN:275,(anonymous_21)
FN:277,(anonymous_22)
FN:299,(anonymous_23)
FN:301,(anonymous_24)
FN:303,(anonymous_25)
FN:316,(anonymous_26)
FN:354,(anonymous_27)
FN:365,(anonymous_28)
FN:366,(anonymous_29)
FN:374,(anonymous_30)
FN:375,(anonymous_31)
FN:393,(anonymous_32)
FN:405,(anonymous_33)
FN:416,(anonymous_34)
FN:435,(anonymous_35)
FN:464,(anonymous_36)
FN:472,(anonymous_37)
FN:480,(anonymous_38)
FN:496,(anonymous_39)
FN:532,(anonymous_40)
FN:547,(anonymous_41)
FN:551,(anonymous_42)
FN:559,(anonymous_43)
FN:563,(anonymous_44)
FN:578,(anonymous_45)
FN:580,(anonymous_46)
FN:613,(anonymous_47)
FN:629,(anonymous_48)
FN:636,(anonymous_49)
FN:645,(anonymous_50)
FN:668,(anonymous_51)
FNF:52
FNH:0
FNDA:0,(anonymous_0)
FNDA:0,(anonymous_1)
FNDA:0,(anonymous_2)
FNDA:0,(anonymous_3)
FNDA:0,(anonymous_4)
FNDA:0,(anonymous_5)
FNDA:0,(anonymous_6)
FNDA:0,(anonymous_7)
FNDA:0,(anonymous_8)
FNDA:0,(anonymous_9)
FNDA:0,(anonymous_10)
FNDA:0,(anonymous_11)
FNDA:0,(anonymous_12)
FNDA:0,(anonymous_13)
FNDA:0,(anonymous_14)
FNDA:0,(anonymous_15)
FNDA:0,(anonymous_16)
FNDA:0,(anonymous_17)
FNDA:0,(anonymous_18)
FNDA:0,(anonymous_19)
FNDA:0,(anonymous_20)
FNDA:0,(anonymous_21)
FNDA:0,(anonymous_22)
FNDA:0,(anonymous_23)
FNDA:0,(anonymous_24)
FNDA:0,(anonymous_25)
FNDA:0,(anonymous_26)
FNDA:0,(anonymous_27)
FNDA:0,(anonymous_28)
FNDA:0,(anonymous_29)
FNDA:0,(anonymous_30)
FNDA:0,(anonymous_31)
FNDA:0,(anonymous_32)
FNDA:0,(anonymous_33)
FNDA:0,(anonymous_34)
FNDA:0,(anonymous_35)
FNDA:0,(anonymous_36)
FNDA:0,(anonymous_37)
FNDA:0,(anonymous_38)
FNDA:0,(anonymous_39)
FNDA:0,(anonymous_40)
FNDA:0,(anonymous_41)
FNDA:0,(anonymous_42)
FNDA:0,(anonymous_43)
FNDA:0,(anonymous_44)
FNDA:0,(anonymous_45)
FNDA:0,(anonymous_46)
FNDA:0,(anonymous_47)
FNDA:0,(anonymous_48)
FNDA:0,(anonymous_49)
FNDA:0,(anonymous_50)
FNDA:0,(anonymous_51)
DA:12,0
DA:13,0
DA:14,0
DA:15,0
DA:16,0
DA:17,0
DA:18,0
DA:19,0
DA:20,0
DA:21,0
DA:22,0
DA:23,0
DA:24,0
DA:25,0
DA:26,0
DA:27,0
DA:28,0
DA:29,0
DA:30,0
DA:31,0
DA:35,0
DA:49,0
DA:50,0
DA:53,0
DA:54,0
DA:56,0
DA:57,0
DA:59,0
DA:61,0
DA:65,0
DA:66,0
DA:68,0
DA:69,0
DA:74,0
DA:77,0
DA:78,0
DA:79,0
DA:81,0
DA:86,0
DA:87,0
DA:91,0
DA:92,0
DA:94,0
DA:96,0
DA:103,0
DA:104,0
DA:107,0
DA:110,0
DA:111,0
DA:112,0
DA:116,0
DA:117,0
DA:118,0
DA:122,0
DA:123,0
DA:124,0
DA:128,0
DA:129,0
DA:130,0
DA:134,0
DA:135,0
DA:136,0
DA:140,0
DA:143,0
DA:144,0
DA:146,0
DA:149,0
DA:150,0
DA:151,0
DA:155,0
DA:156,0
DA:158,0
DA:166,0
DA:167,0
DA:170,0
DA:171,0
DA:172,0
DA:173,0
DA:181,0
DA:183,0
DA:184,0
DA:188,0
DA:189,0
DA:190,0
DA:191,0
DA:193,0
DA:194,0
DA:196,0
DA:197,0
DA:204,0
DA:206,0
DA:208,0
DA:212,0
DA:234,0
DA:237,0
DA:238,0
DA:239,0
DA:243,0
DA:251,0
DA:253,0
DA:255,0
DA:257,0
DA:258,0
DA:261,0
DA:271,0
DA:275,0
DA:276,0
DA:277,0
DA:278,0
DA:279,0
DA:281,0
DA:284,0
DA:299,0
DA:302,0
DA:303,0
DA:304,0
DA:308,0
DA:317,0
DA:318,0
DA:321,0
DA:322,0
DA:325,0
DA:328,0
DA:329,0
DA:332,0
DA:333,0
DA:335,0
DA:339,0
DA:340,0
DA:344,0
DA:345,0
DA:346,0
DA:347,0
DA:355,0
DA:356,0
DA:359,0
DA:360,0
DA:362,0
DA:365,0
DA:366,0
DA:367,0
DA:369,0
DA:370,0
DA:373,0
DA:374,0
DA:375,0
DA:376,0
DA:377,0
DA:380,0
DA:381,0
DA:396,0
DA:397,0
DA:407,0
DA:408,0
DA:417,0
DA:436,0
DA:437,0
DA:438,0
DA:440,0
DA:443,0
DA:444,0
DA:445,0
DA:446,0
DA:448,0
DA:449,0
DA:452,0
DA:453,0
DA:454,0
DA:455,0
DA:457,0
DA:465,0
DA:473,0
DA:481,0
DA:484,0
DA:485,0
DA:486,0
DA:487,0
DA:497,0
DA:498,0
DA:501,0
DA:502,0
DA:505,0
DA:506,0
DA:507,0
DA:510,0
DA:513,0
DA:517,0
DA:518,0
DA:524,0
DA:525,0
DA:533,0
DA:534,0
DA:538,0
DA:539,0
DA:540,0
DA:542,0
DA:544,0
DA:545,0
DA:547,0
DA:548,0
DA:550,0
DA:551,0
DA:552,0
DA:553,0
DA:555,0
DA:556,0
DA:558,0
DA:559,0
DA:560,0
DA:561,0
DA:563,0
DA:564,0
DA:565,0
DA:579,0
DA:580,0
DA:581,0
DA:582,0
DA:587,0
DA:590,0
DA:591,0
DA:592,0
DA:595,0
DA:596,0
DA:597,0
DA:598,0
DA:602,0
DA:603,0
DA:604,0
DA:606,0
DA:614,0
DA:619,0
DA:620,0
DA:621,0
DA:624,0
DA:626,0
DA:627,0
DA:629,0
DA:631,0
DA:632,0
DA:635,0
DA:636,0
DA:637,0
DA:639,0
DA:640,0
DA:641,0
DA:645,0
DA:646,0
DA:649,0
DA:652,0
DA:666,0
DA:668,0
DA:669,0
DA:670,0
LF:253
LH:0
BRDA:48,0,0,0
BRDA:49,1,0,0
BRDA:49,1,1,0
BRDA:56,2,0,0
BRDA:56,2,1,0
BRDA:65,3,0,0
BRDA:65,3,1,0
BRDA:79,4,0,0
BRDA:79,4,1,0
BRDA:79,5,0,0
BRDA:79,5,1,0
BRDA:79,5,2,0
BRDA:103,6,0,0
BRDA:103,6,1,0
BRDA:110,7,0,0
BRDA:110,7,1,0
BRDA:116,8,0,0
BRDA:116,8,1,0
BRDA:122,9,0,0
BRDA:122,9,1,0
BRDA:128,10,0,0
BRDA:128,10,1,0
BRDA:134,11,0,0
BRDA:134,11,1,0
BRDA:149,12,0,0
BRDA:149,12,1,0
BRDA:149,13,0,0
BRDA:149,13,1,0
BRDA:166,14,0,0
BRDA:166,14,1,0
BRDA:171,15,0,0
BRDA:171,15,1,0
BRDA:191,16,0,0
BRDA:191,16,1,0
BRDA:193,17,0,0
BRDA:193,17,1,0
BRDA:196,18,0,0
BRDA:196,18,1,0
BRDA:237,19,0,0
BRDA:237,19,1,0
BRDA:239,20,0,0
BRDA:239,20,1,0
BRDA:278,21,0,0
BRDA:278,21,1,0
BRDA:302,22,0,0
BRDA:302,22,1,0
BRDA:304,23,0,0
BRDA:304,23,1,0
BRDA:317,24,0,0
BRDA:317,24,1,0
BRDA:317,25,0,0
BRDA:317,25,1,0
BRDA:328,26,0,0
BRDA:328,26,1,0
BRDA:328,27,0,0
BRDA:328,27,1,0
BRDA:333,28,0,0
BRDA:333,28,1,0
BRDA:339,29,0,0
BRDA:339,29,1,0
BRDA:344,30,0,0
BRDA:344,30,1,0
BRDA:355,31,0,0
BRDA:355,31,1,0
BRDA:362,32,0,0
BRDA:362,32,1,0
BRDA:367,33,0,0
BRDA:367,33,1,0
BRDA:373,34,0,0
BRDA:373,34,1,0
BRDA:373,35,0,0
BRDA:373,35,1,0
BRDA:376,36,0,0
BRDA:376,36,1,0
BRDA:435,37,0,0
BRDA:485,38,0,0
BRDA:485,38,1,0
BRDA:517,39,0,0
BRDA:517,39,1,0
BRDA:533,40,0,0
BRDA:533,40,1,0
BRDA:539,41,0,0
BRDA:539,41,1,0
BRDA:550,42,0,0
BRDA:550,42,1,0
BRDA:552,43,0,0
BRDA:552,43,1,0
BRDA:552,44,0,0
BRDA:552,44,1,0
BRDA:555,45,0,0
BRDA:555,45,1,0
BRDA:555,46,0,0
BRDA:555,46,1,0
BRDA:556,47,0,0
BRDA:556,47,1,0
BRDA:558,48,0,0
BRDA:558,48,1,0
BRDA:558,49,0,0
BRDA:558,49,1,0
BRDA:560,50,0,0
BRDA:560,50,1,0
BRDA:564,51,0,0
BRDA:564,51,1,0
BRDA:564,52,0,0
BRDA:564,52,1,0
BRDA:565,53,0,0
BRDA:565,53,1,0
BRDA:581,54,0,0
BRDA:581,54,1,0
BRDA:619,55,0,0
BRDA:619,55,1,0
BRDA:626,56,0,0
BRDA:626,56,1,0
BRDA:631,57,0,0
BRDA:631,57,1,0
BRDA:635,58,0,0
BRDA:635,58,1,0
BRDA:639,59,0,0
BRDA:639,59,1,0
BRDA:669,60,0,0
BRDA:669,60,1,0
BRF:121
BRH:0
end_of_record
TN:
SF:src/modules/PlanetaryPositions.js
FN:9,(anonymous_0)
FN:25,(anonymous_1)
FN:81,(anonymous_2)
FN:114,(anonymous_3)
FN:115,(anonymous_4)
FN:141,(anonymous_5)
FN:166,(anonymous_6)
FN:167,(anonymous_7)
FNF:8
FNH:8
FNDA:23,(anonymous_0)
FNDA:15,(anonymous_1)
FNDA:78,(anonymous_2)
FNDA:24,(anonymous_3)
FNDA:70,(anonymous_4)
FNDA:4,(anonymous_5)
FNDA:1,(anonymous_6)
FNDA:5,(anonymous_7)
DA:11,23
DA:27,15
DA:29,15
DA:31,15
DA:32,75
DA:35,75
DA:36,75
DA:40,75
DA:41,75
DA:45,75
DA:47,75
DA:50,75
DA:52,75
DA:65,0
DA:69,15
DA:83,78
DA:84,78
DA:88,78
DA:89,78
DA:90,78
DA:92,78
DA:96,78
DA:97,78
DA:99,78
DA:102,0
DA:103,0
DA:115,70
DA:116,24
DA:117,1
DA:121,23
DA:124,23
DA:125,23
DA:127,23
DA:142,4
DA:143,4
DA:145,4
DA:147,4
DA:148,20
DA:150,20
DA:151,7
DA:159,4
DA:167,5
LF:42
LH:39
BRDA:97,0,0,78
BRDA:97,0,1,0
BRDA:116,1,0,1
BRDA:116,1,1,23
BRDA:150,2,0,7
BRDA:150,2,1,13
BRF:6
BRH:5
end_of_record
TN:
SF:src/modules/SatelliteComponentCollection.js
FN:48,(anonymous_0)
FN:61,(anonymous_1)
FN:90,(anonymous_2)
FN:110,(anonymous_3)
FN:120,(anonymous_4)
FN:130,(anonymous_5)
FN:140,(anonymous_6)
FN:165,(anonymous_7)
FN:168,(anonymous_8)
FN:173,(anonymous_9)
FN:214,(anonymous_10)
FN:225,(anonymous_11)
FN:232,(anonymous_12)
FN:251,(anonymous_13)
FN:256,(anonymous_14)
FN:259,(anonymous_15)
FN:280,(anonymous_16)
FN:287,(anonymous_17)
FN:299,(anonymous_18)
FN:309,(anonymous_19)
FN:312,(anonymous_20)
FN:324,(anonymous_21)
FN:336,(anonymous_22)
FN:343,(anonymous_23)
FN:377,(anonymous_24)
FN:378,(anonymous_25)
FN:385,(anonymous_26)
FN:391,(anonymous_27)
FN:402,(anonymous_28)
FN:406,(anonymous_29)
FN:416,(anonymous_30)
FN:425,(anonymous_31)
FN:434,(anonymous_32)
FN:436,(anonymous_33)
FN:439,(anonymous_34)
FN:486,(anonymous_35)
FN:494,(anonymous_36)
FN:498,(anonymous_37)
FN:510,(anonymous_38)
FN:521,(anonymous_39)
FN:547,(anonymous_40)
FN:565,(anonymous_41)
FN:583,(anonymous_42)
FN:740,(anonymous_43)
FN:749,(anonymous_44)
FN:773,(anonymous_45)
FN:800,(anonymous_46)
FN:828,(anonymous_47)
FN:835,(anonymous_48)
FN:840,(anonymous_49)
FN:870,(anonymous_50)
FN:913,(anonymous_51)
FN:931,(anonymous_52)
FN:937,(anonymous_53)
FN:945,(anonymous_54)
FN:955,(anonymous_55)
FN:961,(anonymous_56)
FN:967,(anonymous_57)
FN:969,(anonymous_58)
FN:977,(anonymous_59)
FN:990,(anonymous_60)
FN:998,(anonymous_61)
FN:1009,(anonymous_62)
FN:1021,(anonymous_63)
FN:1031,(anonymous_64)
FN:1059,(anonymous_65)
FN:1097,(anonymous_66)
FN:1128,(anonymous_67)
FN:1148,(anonymous_68)
FN:1156,(anonymous_69)
FNF:70
FNH:1
FNDA:28,(anonymous_0)
FNDA:0,(anonymous_1)
FNDA:0,(anonymous_2)
FNDA:0,(anonymous_3)
FNDA:0,(anonymous_4)
FNDA:0,(anonymous_5)
FNDA:0,(anonymous_6)
FNDA:0,(anonymous_7)
FNDA:0,(anonymous_8)
FNDA:0,(anonymous_9)
FNDA:0,(anonymous_10)
FNDA:0,(anonymous_11)
FNDA:0,(anonymous_12)
FNDA:0,(anonymous_13)
FNDA:0,(anonymous_14)
FNDA:0,(anonymous_15)
FNDA:0,(anonymous_16)
FNDA:0,(anonymous_17)
FNDA:0,(anonymous_18)
FNDA:0,(anonymous_19)
FNDA:0,(anonymous_20)
FNDA:0,(anonymous_21)
FNDA:0,(anonymous_22)
FNDA:0,(anonymous_23)
FNDA:0,(anonymous_24)
FNDA:0,(anonymous_25)
FNDA:0,(anonymous_26)
FNDA:0,(anonymous_27)
FNDA:0,(anonymous_28)
FNDA:0,(anonymous_29)
FNDA:0,(anonymous_30)
FNDA:0,(anonymous_31)
FNDA:0,(anonymous_32)
FNDA:0,(anonymous_33)
FNDA:0,(anonymous_34)
FNDA:0,(anonymous_35)
FNDA:0,(anonymous_36)
FNDA:0,(anonymous_37)
FNDA:0,(anonymous_38)
FNDA:0,(anonymous_39)
FNDA:0,(anonymous_40)
FNDA:0,(anonymous_41)
FNDA:0,(anonymous_42)
FNDA:0,(anonymous_43)
FNDA:0,(anonymous_44)
FNDA:0,(anonymous_45)
FNDA:0,(anonymous_46)
FNDA:0,(anonymous_47)
FNDA:0,(anonymous_48)
FNDA:0,(anonymous_49)
FNDA:0,(anonymous_50)
FNDA:0,(anonymous_51)
FNDA:0,(anonymous_52)
FNDA:0,(anonymous_53)
FNDA:0,(anonymous_54)
FNDA:0,(anonymous_55)
FNDA:0,(anonymous_56)
FNDA:0,(anonymous_57)
FNDA:0,(anonymous_58)
FNDA:0,(anonymous_59)
FNDA:0,(anonymous_60)
FNDA:0,(anonymous_61)
FNDA:0,(anonymous_62)
FNDA:0,(anonymous_63)
FNDA:0,(anonymous_64)
FNDA:0,(anonymous_65)
FNDA:0,(anonymous_66)
FNDA:0,(anonymous_67)
FNDA:0,(anonymous_68)
FNDA:0,(anonymous_69)
DA:49,28
DA:50,28
DA:51,28
DA:53,28
DA:55,28
DA:62,0
DA:63,0
DA:65,0
DA:66,0
DA:67,0
DA:69,0
DA:70,0
DA:71,0
DA:74,0
DA:76,0
DA:78,0
DA:79,0
DA:81,0
DA:83,0
DA:84,0
DA:85,0
DA:87,0
DA:89,0
DA:90,0
DA:91,0
DA:93,0
DA:94,0
DA:96,0
DA:97,0
DA:98,0
DA:102,0
DA:104,0
DA:105,0
DA:107,0
DA:108,0
DA:110,0
DA:111,0
DA:112,0
DA:113,0
DA:121,0
DA:123,0
DA:124,0
DA:126,0
DA:127,0
DA:128,0
DA:130,0
DA:131,0
DA:133,0
DA:135,0
DA:136,0
DA:137,0
DA:139,0
DA:140,0
DA:141,0
DA:143,0
DA:147,0
DA:148,0
DA:149,0
DA:150,0
DA:151,0
DA:152,0
DA:153,0
DA:157,0
DA:159,0
DA:161,0
DA:166,0
DA:168,0
DA:169,0
DA:173,0
DA:174,0
DA:177,0
DA:178,0
DA:180,0
DA:183,0
DA:184,0
DA:185,0
DA:188,0
DA:190,0
DA:192,0
DA:195,0
DA:198,0
DA:200,0
DA:203,0
DA:204,0
DA:209,0
DA:212,0
DA:216,0
DA:218,0
DA:221,0
DA:222,0
DA:226,0
DA:232,0
DA:234,0
DA:235,0
DA:236,0
DA:237,0
DA:240,0
DA:241,0
DA:243,0
DA:245,0
DA:246,0
DA:251,0
DA:252,0
DA:259,0
DA:261,0
DA:262,0
DA:263,0
DA:268,0
DA:269,0
DA:271,0
DA:273,0
DA:277,0
DA:280,0
DA:283,0
DA:285,0
DA:287,0
DA:288,0
DA:289,0
DA:290,0
DA:291,0
DA:295,0
DA:301,0
DA:302,0
DA:303,0
DA:306,0
DA:310,0
DA:312,0
DA:313,0
DA:314,0
DA:315,0
DA:317,0
DA:318,0
DA:320,0
DA:321,0
DA:322,0
DA:323,0
DA:324,0
DA:325,0
DA:326,0
DA:327,0
DA:330,0
DA:331,0
DA:335,0
DA:336,0
DA:337,0
DA:338,0
DA:344,0
DA:346,0
DA:347,0
DA:349,0
DA:350,0
DA:352,0
DA:353,0
DA:355,0
DA:356,0
DA:358,0
DA:359,0
DA:361,0
DA:362,0
DA:364,0
DA:365,0
DA:367,0
DA:368,0
DA:370,0
DA:371,0
DA:373,0
DA:378,0
DA:382,0
DA:383,0
DA:387,0
DA:388,0
DA:392,0
DA:396,0
DA:397,0
DA:398,0
DA:403,0
DA:407,0
DA:413,0
DA:417,0
DA:418,0
DA:422,0
DA:426,0
DA:431,0
DA:436,0
DA:438,0
DA:441,0
DA:444,0
DA:445,0
DA:449,0
DA:450,0
DA:455,0
DA:456,0
DA:460,0
DA:461,0
DA:465,0
DA:466,0
DA:467,0
DA:470,0
DA:471,0
DA:472,0
DA:483,0
DA:487,0
DA:488,0
DA:490,0
DA:495,0
DA:499,0
DA:500,0
DA:502,0
DA:507,0
DA:511,0
DA:518,0
DA:522,0
DA:539,0
DA:540,0
DA:542,0
DA:544,0
DA:549,0
DA:562,0
DA:566,0
DA:573,0
DA:584,0
DA:585,0
DA:586,0
DA:589,0
DA:590,0
DA:591,0
DA:592,0
DA:595,0
DA:597,0
DA:598,0
DA:599,0
DA:601,0
DA:609,0
DA:612,0
DA:613,0
DA:615,0
DA:616,0
DA:618,0
DA:620,0
DA:627,0
DA:628,0
DA:631,0
DA:633,0
DA:634,0
DA:636,0
DA:638,0
DA:641,0
DA:647,0
DA:651,0
DA:655,0
DA:656,0
DA:658,0
DA:659,0
DA:662,0
DA:664,0
DA:666,0
DA:667,0
DA:671,0
DA:677,0
DA:682,0
DA:683,0
DA:687,0
DA:688,0
DA:689,0
DA:693,0
DA:696,0
DA:697,0
DA:700,0
DA:701,0
DA:704,0
DA:705,0
DA:708,0
DA:709,0
DA:712,0
DA:715,0
DA:722,0
DA:726,0
DA:727,0
DA:731,0
DA:734,0
DA:744,0
DA:745,0
DA:749,0
DA:752,0
DA:753,0
DA:754,0
DA:758,0
DA:775,0
DA:776,0
DA:778,0
DA:782,0
DA:783,0
DA:784,0
DA:788,0
DA:789,0
DA:790,0
DA:791,0
DA:794,0
DA:795,0
DA:797,0
DA:802,0
DA:803,0
DA:804,0
DA:807,0
DA:808,0
DA:809,0
DA:812,0
DA:813,0
DA:814,0
DA:815,0
DA:817,0
DA:818,0
DA:820,0
DA:825,0
DA:830,0
DA:831,0
DA:835,0
DA:838,0
DA:842,0
DA:843,0
DA:845,0
DA:846,0
DA:847,0
DA:848,0
DA:859,0
DA:860,0
DA:863,0
DA:864,0
DA:865,0
DA:867,0
DA:872,0
DA:873,0
DA:875,0
DA:876,0
DA:877,0
DA:880,0
DA:881,0
DA:884,0
DA:887,0
DA:888,0
DA:889,0
DA:891,0
DA:892,0
DA:894,0
DA:904,0
DA:905,0
DA:909,0
DA:910,0
DA:914,0
DA:916,0
DA:918,0
DA:919,0
DA:920,0
DA:928,0
DA:932,0
DA:933,0
DA:937,0
DA:939,0
DA:947,0
DA:948,0
DA:950,0
DA:951,0
DA:952,0
DA:953,0
DA:955,0
DA:958,0
DA:962,0
DA:963,0
DA:967,0
DA:968,0
DA:969,0
DA:970,0
DA:971,0
DA:972,0
DA:977,0
DA:978,0
DA:979,0
DA:980,0
DA:985,0
DA:989,0
DA:991,0
DA:992,0
DA:994,0
DA:995,0
DA:996,0
DA:999,0
DA:1000,0
DA:1002,0
DA:1003,0
DA:1004,0
DA:1011,0
DA:1014,0
DA:1023,0
DA:1024,0
DA:1029,0
DA:1030,0
DA:1031,0
DA:1032,0
DA:1034,0
DA:1038,0
DA:1041,0
DA:1044,0
DA:1047,0
DA:1048,0
DA:1061,0
DA:1062,0
DA:1066,0
DA:1067,0
DA:1071,0
DA:1072,0
DA:1074,0
DA:1075,0
DA:1077,0
DA:1080,0
DA:1083,0
DA:1085,0
DA:1099,0
DA:1100,0
DA:1104,0
DA:1105,0
DA:1108,0
DA:1110,0
DA:1114,0
DA:1115,0
DA:1117,0
DA:1121,0
DA:1122,0
DA:1123,0
DA:1131,0
DA:1135,0
DA:1136,0
DA:1140,0
DA:1141,0
DA:1144,0
DA:1145,0
DA:1146,0
DA:1149,0
DA:1151,0
DA:1153,0
DA:1157,0
DA:1160,0
DA:1161,0
LF:442
LH:5
BRDA:62,0,0,0
BRDA:62,0,1,0
BRDA:65,1,0,0
BRDA:65,1,1,0
BRDA:69,2,0,0
BRDA:69,2,1,0
BRDA:76,3,0,0
BRDA:76,3,1,0
BRDA:78,4,0,0
BRDA:78,4,1,0
BRDA:81,5,0,0
BRDA:81,5,1,0
BRDA:83,6,0,0
BRDA:83,6,1,0
BRDA:87,7,0,0
BRDA:87,7,1,0
BRDA:87,8,0,0
BRDA:87,8,1,0
BRDA:89,9,0,0
BRDA:89,9,1,0
BRDA:91,10,0,0
BRDA:91,10,1,0
BRDA:97,11,0,0
BRDA:97,11,1,0
BRDA:102,12,0,0
BRDA:102,12,1,0
BRDA:102,13,0,0
BRDA:102,13,1,0
BRDA:104,14,0,0
BRDA:104,14,1,0
BRDA:105,15,0,0
BRDA:105,15,1,0
BRDA:112,16,0,0
BRDA:112,16,1,0
BRDA:112,17,0,0
BRDA:112,17,1,0
BRDA:121,18,0,0
BRDA:121,18,1,0
BRDA:123,19,0,0
BRDA:123,19,1,0
BRDA:126,20,0,0
BRDA:126,20,1,0
BRDA:128,21,0,0
BRDA:128,21,1,0
BRDA:128,22,0,0
BRDA:128,22,1,0
BRDA:135,23,0,0
BRDA:135,23,1,0
BRDA:137,24,0,0
BRDA:137,24,1,0
BRDA:139,25,0,0
BRDA:139,25,1,0
BRDA:147,26,0,0
BRDA:147,26,1,0
BRDA:149,27,0,0
BRDA:149,27,1,0
BRDA:159,28,0,0
BRDA:159,28,1,0
BRDA:174,29,0,0
BRDA:174,29,1,0
BRDA:177,30,0,0
BRDA:177,30,1,0
BRDA:177,31,0,0
BRDA:177,31,1,0
BRDA:183,32,0,0
BRDA:183,32,1,0
BRDA:188,33,0,0
BRDA:188,33,1,0
BRDA:190,34,0,0
BRDA:190,34,1,0
BRDA:192,35,0,0
BRDA:192,35,1,0
BRDA:203,36,0,0
BRDA:203,36,1,0
BRDA:203,37,0,0
BRDA:203,37,1,0
BRDA:221,38,0,0
BRDA:221,38,1,0
BRDA:221,39,0,0
BRDA:221,39,1,0
BRDA:235,40,0,0
BRDA:235,40,1,0
BRDA:240,41,0,0
BRDA:240,41,1,0
BRDA:243,42,0,0
BRDA:243,42,1,0
BRDA:243,43,0,0
BRDA:243,43,1,0
BRDA:259,44,0,0
BRDA:259,44,1,0
BRDA:261,45,0,0
BRDA:261,45,1,0
BRDA:269,46,0,0
BRDA:269,46,1,0
BRDA:271,47,0,0
BRDA:271,47,1,0
BRDA:271,48,0,0
BRDA:271,48,1,0
BRDA:285,49,0,0
BRDA:285,49,1,0
BRDA:288,50,0,0
BRDA:288,50,1,0
BRDA:289,51,0,0
BRDA:289,51,1,0
BRDA:309,52,0,0
BRDA:313,53,0,0
BRDA:313,53,1,0
BRDA:315,54,0,0
BRDA:315,54,1,0
BRDA:315,55,0,0
BRDA:315,55,1,0
BRDA:315,55,2,0
BRDA:320,56,0,0
BRDA:320,56,1,0
BRDA:322,57,0,0
BRDA:322,57,1,0
BRDA:335,58,0,0
BRDA:335,58,1,0
BRDA:344,59,0,0
BRDA:344,59,1,0
BRDA:344,59,2,0
BRDA:344,59,3,0
BRDA:344,59,4,0
BRDA:344,59,5,0
BRDA:344,59,6,0
BRDA:344,59,7,0
BRDA:344,59,8,0
BRDA:344,59,9,0
BRDA:382,60,0,0
BRDA:382,60,1,0
BRDA:387,61,0,0
BRDA:387,61,1,0
BRDA:387,62,0,0
BRDA:387,62,1,0
BRDA:444,63,0,0
BRDA:444,63,1,0
BRDA:449,64,0,0
BRDA:449,64,1,0
BRDA:455,65,0,0
BRDA:455,65,1,0
BRDA:460,66,0,0
BRDA:460,66,1,0
BRDA:466,67,0,0
BRDA:466,67,1,0
BRDA:487,68,0,0
BRDA:487,68,1,0
BRDA:495,69,0,0
BRDA:495,69,1,0
BRDA:500,70,0,0
BRDA:500,70,1,0
BRDA:500,71,0,0
BRDA:500,71,1,0
BRDA:540,72,0,0
BRDA:540,72,1,0
BRDA:565,73,0,0
BRDA:565,74,0,0
BRDA:601,75,0,0
BRDA:601,75,1,0
BRDA:612,76,0,0
BRDA:612,76,1,0
BRDA:618,77,0,0
BRDA:618,77,1,0
BRDA:631,78,0,0
BRDA:631,78,1,0
BRDA:636,79,0,0
BRDA:636,79,1,0
BRDA:638,80,0,0
BRDA:638,80,1,0
BRDA:641,81,0,0
BRDA:641,81,1,0
BRDA:662,82,0,0
BRDA:662,82,1,0
BRDA:662,83,0,0
BRDA:662,83,1,0
BRDA:664,84,0,0
BRDA:664,84,1,0
BRDA:682,85,0,0
BRDA:682,85,1,0
BRDA:682,86,0,0
BRDA:682,86,1,0
BRDA:689,87,0,0
BRDA:689,87,1,0
BRDA:693,88,0,0
BRDA:693,88,1,0
BRDA:693,88,2,0
BRDA:693,88,3,0
BRDA:693,88,4,0
BRDA:744,89,0,0
BRDA:744,89,1,0
BRDA:776,90,0,0
BRDA:776,90,1,0
BRDA:778,91,0,0
BRDA:778,91,1,0
BRDA:783,92,0,0
BRDA:783,92,1,0
BRDA:783,93,0,0
BRDA:783,93,1,0
BRDA:783,93,2,0
BRDA:803,94,0,0
BRDA:803,94,1,0
BRDA:804,95,0,0
BRDA:804,95,1,0
BRDA:808,96,0,0
BRDA:808,96,1,0
BRDA:808,97,0,0
BRDA:808,97,1,0
BRDA:808,97,2,0
BRDA:830,98,0,0
BRDA:830,98,1,0
BRDA:842,99,0,0
BRDA:842,99,1,0
BRDA:872,100,0,0
BRDA:872,100,1,0
BRDA:880,101,0,0
BRDA:880,101,1,0
BRDA:891,102,0,0
BRDA:891,102,1,0
BRDA:898,103,0,0
BRDA:898,103,1,0
BRDA:913,104,0,0
BRDA:914,105,0,0
BRDA:914,105,1,0
BRDA:932,106,0,0
BRDA:932,106,1,0
BRDA:947,107,0,0
BRDA:947,107,1,0
BRDA:962,108,0,0
BRDA:962,108,1,0
BRDA:962,109,0,0
BRDA:962,109,1,0
BRDA:972,110,0,0
BRDA:972,110,1,0
BRDA:980,111,0,0
BRDA:980,111,1,0
BRDA:992,112,0,0
BRDA:992,112,1,0
BRDA:1000,113,0,0
BRDA:1000,113,1,0
BRDA:1011,114,0,0
BRDA:1011,114,1,0
BRDA:1023,115,0,0
BRDA:1023,115,1,0
BRDA:1030,116,0,0
BRDA:1030,116,1,0
BRDA:1030,117,0,0
BRDA:1030,117,1,0
BRDA:1047,118,0,0
BRDA:1047,118,1,0
BRDA:1047,119,0,0
BRDA:1047,119,1,0
BRDA:1061,120,0,0
BRDA:1061,120,1,0
BRDA:1066,121,0,0
BRDA:1066,121,1,0
BRDA:1066,122,0,0
BRDA:1066,122,1,0
BRDA:1074,123,0,0
BRDA:1074,123,1,0
BRDA:1074,124,0,0
BRDA:1074,124,1,0
BRDA:1083,125,0,0
BRDA:1083,125,1,0
BRDA:1099,126,0,0
BRDA:1099,126,1,0
BRDA:1104,127,0,0
BRDA:1104,127,1,0
BRDA:1114,128,0,0
BRDA:1114,128,1,0
BRDA:1122,129,0,0
BRDA:1122,129,1,0
BRDA:1135,130,0,0
BRDA:1135,130,1,0
BRDA:1140,131,0,0
BRDA:1140,131,1,0
BRDA:1145,132,0,0
BRDA:1145,132,1,0
BRDA:1145,133,0,0
BRDA:1145,133,1,0
BRDA:1149,134,0,0
BRDA:1149,134,1,0
BRDA:1160,135,0,0
BRDA:1160,135,1,0
BRF:282
BRH:0
end_of_record
TN:
SF:src/modules/SatelliteManager.js
FN:37,(anonymous_0)
FN:58,(anonymous_1)
FN:73,(anonymous_2)
FN:79,(anonymous_3)
FN:90,(anonymous_4)
FN:100,(anonymous_5)
FN:106,(anonymous_6)
FN:128,(anonymous_7)
FN:137,(anonymous_8)
FN:147,(anonymous_9)
FN:151,(anonymous_10)
FN:172,(anonymous_11)
FN:178,(anonymous_12)
FN:192,(anonymous_13)
FN:198,(anonymous_14)
FN:207,(anonymous_15)
FN:218,(anonymous_16)
FN:219,(anonymous_17)
FN:226,(anonymous_18)
FN:233,(anonymous_19)
FN:245,(anonymous_20)
FN:249,(anonymous_21)
FN:259,(anonymous_22)
FN:298,(anonymous_23)
FN:306,(anonymous_24)
FN:307,(anonymous_25)
FN:313,(anonymous_26)
FN:325,(anonymous_27)
FN:326,(anonymous_28)
FN:344,(anonymous_29)
FN:348,(anonymous_30)
FN:351,(anonymous_31)
FN:362,(anonymous_32)
FN:367,(anonymous_33)
FN:376,(anonymous_34)
FN:398,(anonymous_35)
FN:417,(anonymous_36)
FN:424,(anonymous_37)
FN:426,(anonymous_38)
FN:427,(anonymous_39)
FN:430,(anonymous_40)
FN:434,(anonymous_41)
FN:440,(anonymous_42)
FN:441,(anonymous_43)
FN:448,(anonymous_44)
FN:453,(anonymous_45)
FN:461,(anonymous_46)
FN:465,(anonymous_47)
FN:486,(anonymous_48)
FN:495,(anonymous_49)
FN:505,(anonymous_50)
FN:507,(anonymous_51)
FN:508,(anonymous_52)
FN:512,(anonymous_53)
FN:518,(anonymous_54)
FN:519,(anonymous_55)
FN:523,(anonymous_56)
FN:524,(anonymous_57)
FN:528,(anonymous_58)
FN:549,(anonymous_59)
FN:550,(anonymous_60)
FN:553,(anonymous_61)
FN:554,(anonymous_62)
FN:557,(anonymous_63)
FN:561,(anonymous_64)
FN:563,(anonymous_65)
FN:571,(anonymous_66)
FN:575,(anonymous_67)
FN:589,(anonymous_68)
FN:590,(anonymous_69)
FN:594,(anonymous_70)
FN:595,(anonymous_71)
FN:603,(anonymous_72)
FN:604,(anonymous_73)
FN:609,(anonymous_74)
FN:610,(anonymous_75)
FN:613,(anonymous_76)
FN:621,(anonymous_77)
FN:644,(anonymous_78)
FN:656,(anonymous_79)
FN:682,(anonymous_80)
FN:707,(anonymous_81)
FN:721,(anonymous_82)
FN:732,(anonymous_83)
FN:736,(anonymous_84)
FN:750,(anonymous_85)
FN:751,(anonymous_86)
FN:755,(anonymous_87)
FN:759,(anonymous_88)
FN:761,(anonymous_89)
FN:762,(anonymous_90)
FN:763,(anonymous_91)
FN:766,(anonymous_92)
FN:771,(anonymous_93)
FN:776,(anonymous_94)
FN:781,(anonymous_95)
FN:782,(anonymous_96)
FN:786,(anonymous_97)
FN:793,(anonymous_98)
FN:797,(anonymous_99)
FN:799,(anonymous_100)
FN:812,(anonymous_101)
FN:815,(anonymous_102)
FN:822,(anonymous_103)
FN:846,(anonymous_104)
FN:850,(anonymous_105)
FN:857,(anonymous_106)
FN:864,(anonymous_107)
FN:875,(anonymous_108)
FN:890,(anonymous_109)
FN:900,(anonymous_110)
FN:920,(anonymous_111)
FN:939,(anonymous_112)
FN:964,(anonymous_113)
FN:974,(anonymous_114)
FN:1026,(anonymous_115)
FN:1162,(anonymous_116)
FN:1187,(anonymous_117)
FN:1209,(anonymous_118)
FN:1228,(anonymous_119)
FN:1239,(anonymous_120)
FN:1247,(anonymous_121)
FN:1253,(anonymous_122)
FN:1268,(anonymous_123)
FN:1277,(anonymous_124)
FN:1282,(anonymous_125)
FN:1290,(anonymous_126)
FN:1294,(anonymous_127)
FN:1296,(anonymous_128)
FN:1305,(anonymous_129)
FN:1322,(anonymous_130)
FN:1329,(anonymous_131)
FN:1333,(anonymous_132)
FN:1336,(anonymous_133)
FN:1340,(anonymous_134)
FN:1353,(anonymous_135)
FN:1355,(anonymous_136)
FN:1367,(anonymous_137)
FN:1368,(anonymous_138)
FN:1376,(anonymous_139)
FN:1382,(anonymous_140)
FN:1384,(anonymous_141)
FN:1407,(anonymous_142)
FNF:143
FNH:22
FNDA:16,(anonymous_0)
FNDA:0,(anonymous_1)
FNDA:0,(anonymous_2)
FNDA:0,(anonymous_3)
FNDA:0,(anonymous_4)
FNDA:16,(anonymous_5)
FNDA:0,(anonymous_6)
FNDA:0,(anonymous_7)
FNDA:0,(anonymous_8)
FNDA:0,(anonymous_9)
FNDA:0,(anonymous_10)
FNDA:32,(anonymous_11)
FNDA:0,(anonymous_12)
FNDA:16,(anonymous_13)
FNDA:0,(anonymous_14)
FNDA:0,(anonymous_15)
FNDA:32,(anonymous_16)
FNDA:0,(anonymous_17)
FNDA:0,(anonymous_18)
FNDA:0,(anonymous_19)
FNDA:0,(anonymous_20)
FNDA:0,(anonymous_21)
FNDA:0,(anonymous_22)
FNDA:0,(anonymous_23)
FNDA:0,(anonymous_24)
FNDA:0,(anonymous_25)
FNDA:0,(anonymous_26)
FNDA:0,(anonymous_27)
FNDA:0,(anonymous_28)
FNDA:0,(anonymous_29)
FNDA:0,(anonymous_30)
FNDA:0,(anonymous_31)
FNDA:0,(anonymous_32)
FNDA:0,(anonymous_33)
FNDA:0,(anonymous_34)
FNDA:0,(anonymous_35)
FNDA:0,(anonymous_36)
FNDA:0,(anonymous_37)
FNDA:0,(anonymous_38)
FNDA:0,(anonymous_39)
FNDA:0,(anonymous_40)
FNDA:0,(anonymous_41)
FNDA:0,(anonymous_42)
FNDA:0,(anonymous_43)
FNDA:0,(anonymous_44)
FNDA:28,(anonymous_45)
FNDA:28,(anonymous_46)
FNDA:1,(anonymous_47)
FNDA:0,(anonymous_48)
FNDA:0,(anonymous_49)
FNDA:1,(anonymous_50)
FNDA:2,(anonymous_51)
FNDA:2,(anonymous_52)
FNDA:2,(anonymous_53)
FNDA:0,(anonymous_54)
FNDA:0,(anonymous_55)
FNDA:0,(anonymous_56)
FNDA:0,(anonymous_57)
FNDA:0,(anonymous_58)
FNDA:0,(anonymous_59)
FNDA:0,(anonymous_60)
FNDA:1,(anonymous_61)
FNDA:2,(anonymous_62)
FNDA:2,(anonymous_63)
FNDA:0,(anonymous_64)
FNDA:0,(anonymous_65)
FNDA:0,(anonymous_66)
FNDA:0,(anonymous_67)
FNDA:2,(anonymous_68)
FNDA:4,(anonymous_69)
FNDA:4,(anonymous_70)
FNDA:8,(anonymous_71)
FNDA:27,(anonymous_72)
FNDA:28,(anonymous_73)
FNDA:0,(anonymous_74)
FNDA:0,(anonymous_75)
FNDA:0,(anonymous_76)
FNDA:0,(anonymous_77)
FNDA:0,(anonymous_78)
FNDA:0,(anonymous_79)
FNDA:0,(anonymous_80)
FNDA:0,(anonymous_81)
FNDA:0,(anonymous_82)
FNDA:0,(anonymous_83)
FNDA:0,(anonymous_84)
FNDA:0,(anonymous_85)
FNDA:0,(anonymous_86)
FNDA:0,(anonymous_87)
FNDA:0,(anonymous_88)
FNDA:0,(anonymous_89)
FNDA:0,(anonymous_90)
FNDA:0,(anonymous_91)
FNDA:0,(anonymous_92)
FNDA:0,(anonymous_93)
FNDA:0,(anonymous_94)
FNDA:0,(anonymous_95)
FNDA:0,(anonymous_96)
FNDA:0,(anonymous_97)
FNDA:27,(anonymous_98)
FNDA:0,(anonymous_99)
FNDA:0,(anonymous_100)
FNDA:0,(anonymous_101)
FNDA:0,(anonymous_102)
FNDA:0,(anonymous_103)
FNDA:0,(anonymous_104)
FNDA:0,(anonymous_105)
FNDA:0,(anonymous_106)
FNDA:0,(anonymous_107)
FNDA:0,(anonymous_108)
FNDA:0,(anonymous_109)
FNDA:0,(anonymous_110)
FNDA:0,(anonymous_111)
FNDA:0,(anonymous_112)
FNDA:0,(anonymous_113)
FNDA:0,(anonymous_114)
FNDA:0,(anonymous_115)
FNDA:0,(anonymous_116)
FNDA:0,(anonymous_117)
FNDA:0,(anonymous_118)
FNDA:0,(anonymous_119)
FNDA:0,(anonymous_120)
FNDA:0,(anonymous_121)
FNDA:0,(anonymous_122)
FNDA:0,(anonymous_123)
FNDA:0,(anonymous_124)
FNDA:0,(anonymous_125)
FNDA:0,(anonymous_126)
FNDA:0,(anonymous_127)
FNDA:0,(anonymous_128)
FNDA:0,(anonymous_129)
FNDA:0,(anonymous_130)
FNDA:0,(anonymous_131)
FNDA:0,(anonymous_132)
FNDA:0,(anonymous_133)
FNDA:0,(anonymous_134)
FNDA:0,(anonymous_135)
FNDA:0,(anonymous_136)
FNDA:0,(anonymous_137)
FNDA:0,(anonymous_138)
FNDA:0,(anonymous_139)
FNDA:0,(anonymous_140)
FNDA:0,(anonymous_141)
FNDA:0,(anonymous_142)
DA:27,16
DA:29,16
DA:31,16
DA:33,16
DA:35,16
DA:38,16
DA:40,16
DA:41,16
DA:42,16
DA:45,16
DA:48,16
DA:52,16
DA:53,16
DA:56,16
DA:58,16
DA:59,0
DA:60,0
DA:62,0
DA:66,16
DA:69,16
DA:74,0
DA:75,0
DA:77,0
DA:78,0
DA:79,0
DA:80,0
DA:82,0
DA:83,0
DA:92,0
DA:93,0
DA:95,0
DA:96,0
DA:101,16
DA:102,0
DA:106,16
DA:108,0
DA:109,0
DA:113,0
DA:114,0
DA:116,0
DA:117,0
DA:118,0
DA:121,0
DA:125,16
DA:126,16
DA:128,16
DA:129,0
DA:130,0
DA:132,0
DA:133,0
DA:134,0
DA:137,0
DA:143,16
DA:146,16
DA:147,16
DA:148,0
DA:149,0
DA:151,0
DA:152,0
DA:154,0
DA:155,0
DA:157,0
DA:159,0
DA:165,16
DA:166,16
DA:169,16
DA:172,16
DA:173,32
DA:179,0
DA:180,0
DA:181,0
DA:182,0
DA:183,0
DA:184,0
DA:188,0
DA:193,16
DA:194,0
DA:198,16
DA:200,0
DA:201,0
DA:202,0
DA:205,0
DA:207,0
DA:208,0
DA:209,0
DA:214,16
DA:215,16
DA:218,16
DA:219,32
DA:220,0
DA:221,0
DA:226,16
DA:227,0
DA:228,0
DA:233,16
DA:234,0
DA:235,0
DA:240,16
DA:241,16
DA:245,16
DA:246,0
DA:249,0
DA:250,0
DA:251,0
DA:252,0
DA:253,0
DA:260,0
DA:263,0
DA:264,0
DA:265,0
DA:269,0
DA:270,0
DA:271,0
DA:274,0
DA:277,0
DA:278,0
DA:279,0
DA:281,0
DA:284,0
DA:285,0
DA:286,0
DA:289,0
DA:290,0
DA:294,0
DA:295,0
DA:298,0
DA:299,0
DA:300,0
DA:305,0
DA:306,0
DA:307,0
DA:308,0
DA:313,0
DA:314,0
DA:317,0
DA:320,0
DA:321,0
DA:324,0
DA:325,0
DA:326,0
DA:331,0
DA:332,0
DA:336,0
DA:337,0
DA:343,0
DA:344,0
DA:345,0
DA:348,0
DA:351,0
DA:352,0
DA:353,0
DA:354,0
DA:355,0
DA:357,0
DA:361,0
DA:362,0
DA:366,0
DA:367,0
DA:368,0
DA:369,0
DA:370,0
DA:371,0
DA:376,0
DA:378,0
DA:380,0
DA:381,0
DA:382,0
DA:386,0
DA:390,0
DA:391,0
DA:392,0
DA:393,0
DA:398,0
DA:399,0
DA:400,0
DA:405,0
DA:406,0
DA:412,0
DA:413,0
DA:414,0
DA:417,0
DA:418,0
DA:419,0
DA:426,0
DA:427,0
DA:431,0
DA:435,0
DA:436,0
DA:438,0
DA:440,0
DA:442,0
DA:443,0
DA:444,0
DA:445,0
DA:449,0
DA:454,28
DA:455,28
DA:456,28
DA:457,0
DA:462,28
DA:463,28
DA:464,1
DA:465,1
DA:466,0
DA:468,1
DA:470,27
DA:471,0
DA:474,27
DA:475,27
DA:476,27
DA:478,27
DA:479,0
DA:480,0
DA:481,0
DA:487,0
DA:488,0
DA:489,0
DA:492,0
DA:495,0
DA:500,0
DA:501,0
DA:506,1
DA:507,1
DA:508,2
DA:509,2
DA:512,1
DA:513,2
DA:515,1
DA:519,0
DA:520,0
DA:524,0
DA:525,0
DA:529,0
DA:530,0
DA:531,0
DA:533,0
DA:535,0
DA:536,0
DA:539,0
DA:540,0
DA:541,0
DA:542,0
DA:545,0
DA:550,0
DA:554,2
DA:558,2
DA:563,0
DA:564,0
DA:565,0
DA:566,0
DA:572,0
DA:576,0
DA:577,0
DA:580,0
DA:583,0
DA:585,0
DA:586,0
DA:590,4
DA:591,2
DA:595,8
DA:604,28
DA:605,27
DA:606,27
DA:610,0
DA:615,0
DA:617,0
DA:618,0
DA:621,0
DA:622,0
DA:623,0
DA:625,0
DA:631,0
DA:632,0
DA:635,0
DA:644,0
DA:645,0
DA:646,0
DA:648,0
DA:649,0
DA:654,0
DA:655,0
DA:656,0
DA:657,0
DA:659,0
DA:663,0
DA:664,0
DA:665,0
DA:669,0
DA:670,0
DA:671,0
DA:674,0
DA:675,0
DA:679,0
DA:682,0
DA:683,0
DA:685,0
DA:687,0
DA:688,0
DA:689,0
DA:693,0
DA:694,0
DA:696,0
DA:700,0
DA:701,0
DA:703,0
DA:706,0
DA:707,0
DA:708,0
DA:709,0
DA:711,0
DA:716,0
DA:717,0
DA:721,0
DA:725,0
DA:726,0
DA:727,0
DA:728,0
DA:733,0
DA:737,0
DA:738,0
DA:741,0
DA:744,0
DA:746,0
DA:747,0
DA:751,0
DA:752,0
DA:756,0
DA:760,0
DA:761,0
DA:762,0
DA:763,0
DA:764,0
DA:766,0
DA:767,0
DA:772,0
DA:773,0
DA:776,0
DA:777,0
DA:782,0
DA:786,0
DA:787,0
DA:788,0
DA:794,27
DA:799,0
DA:800,0
DA:801,0
DA:806,0
DA:809,0
DA:810,0
DA:812,0
DA:813,0
DA:814,0
DA:815,0
DA:816,0
DA:824,0
DA:825,0
DA:829,0
DA:830,0
DA:833,0
DA:835,0
DA:838,0
DA:839,0
DA:843,0
DA:846,0
DA:847,0
DA:848,0
DA:852,0
DA:853,0
DA:854,0
DA:858,0
DA:861,0
DA:864,0
DA:866,0
DA:867,0
DA:868,0
DA:869,0
DA:876,0
DA:877,0
DA:881,0
DA:882,0
DA:883,0
DA:887,0
DA:891,0
DA:901,0
DA:903,0
DA:905,0
DA:906,0
DA:907,0
DA:908,0
DA:909,0
DA:912,0
DA:913,0
DA:914,0
DA:915,0
DA:916,0
DA:921,0
DA:922,0
DA:925,0
DA:928,0
DA:940,0
DA:941,0
DA:944,0
DA:945,0
DA:948,0
DA:951,0
DA:952,0
DA:955,0
DA:957,0
DA:958,0
DA:961,0
DA:964,0
DA:965,0
DA:967,0
DA:971,0
DA:975,0
DA:976,0
DA:979,0
DA:980,0
DA:983,0
DA:986,0
DA:990,0
DA:991,0
DA:992,0
DA:993,0
DA:997,0
DA:998,0
DA:1002,0
DA:1012,0
DA:1013,0
DA:1014,0
DA:1015,0
DA:1018,0
DA:1019,0
DA:1022,0
DA:1023,0
DA:1026,0
DA:1028,0
DA:1029,0
DA:1030,0
DA:1034,0
DA:1036,0
DA:1037,0
DA:1038,0
DA:1039,0
DA:1040,0
DA:1043,0
DA:1044,0
DA:1053,0
DA:1056,0
DA:1057,0
DA:1058,0
DA:1061,0
DA:1064,0
DA:1065,0
DA:1066,0
DA:1079,0
DA:1080,0
DA:1083,0
DA:1084,0
DA:1085,0
DA:1088,0
DA:1096,0
DA:1097,0
DA:1100,0
DA:1101,0
DA:1104,0
DA:1105,0
DA:1107,0
DA:1108,0
DA:1111,0
DA:1112,0
DA:1113,0
DA:1114,0
DA:1115,0
DA:1116,0
DA:1118,0
DA:1127,0
DA:1130,0
DA:1131,0
DA:1132,0
DA:1136,0
DA:1137,0
DA:1138,0
DA:1139,0
DA:1140,0
DA:1142,0
DA:1157,0
DA:1161,0
DA:1162,0
DA:1163,0
DA:1164,0
DA:1168,0
DA:1169,0
DA:1172,0
DA:1175,0
DA:1178,0
DA:1181,0
DA:1184,0
DA:1187,0
DA:1189,0
DA:1190,0
DA:1191,0
DA:1192,0
DA:1203,0
DA:1206,0
DA:1209,0
DA:1210,0
DA:1211,0
DA:1212,0
DA:1213,0
DA:1214,0
DA:1215,0
DA:1216,0
DA:1218,0
DA:1219,0
DA:1222,0
DA:1224,0
DA:1225,0
DA:1228,0
DA:1229,0
DA:1232,0
DA:1233,0
DA:1235,0
DA:1239,0
DA:1240,0
DA:1241,0
DA:1243,0
DA:1248,0
DA:1249,0
DA:1250,0
DA:1256,0
DA:1257,0
DA:1261,0
DA:1262,0
DA:1265,0
DA:1268,0
DA:1269,0
DA:1270,0
DA:1276,0
DA:1277,0
DA:1278,0
DA:1279,0
DA:1282,0
DA:1283,0
DA:1286,0
DA:1287,0
DA:1291,0
DA:1296,0
DA:1297,0
DA:1298,0
DA:1302,0
DA:1305,0
DA:1306,0
DA:1310,0
DA:1311,0
DA:1312,0
DA:1317,0
DA:1320,0
DA:1322,0
DA:1330,0
DA:1334,0
DA:1336,0
DA:1337,0
DA:1340,0
DA:1341,0
DA:1342,0
DA:1347,0
DA:1350,0
DA:1355,0
DA:1356,0
DA:1359,0
DA:1362,0
DA:1363,0
DA:1364,0
DA:1367,0
DA:1368,0
DA:1369,0
DA:1372,0
DA:1375,0
DA:1376,0
DA:1382,0
DA:1383,0
DA:1384,0
DA:1385,0
DA:1386,0
DA:1387,0
DA:1388,0
DA:1394,0
DA:1395,0
DA:1396,0
[...]
BRDA:306,46,1,0
BRDA:306,47,0,0
BRDA:306,47,1,0
BRDA:345,48,0,0
BRDA:345,48,1,0
BRDA:346,49,0,0
BRDA:346,49,1,0
BRDA:348,50,0,0
BRDA:348,50,1,0
BRDA:348,51,0,0
BRDA:348,51,1,0
BRDA:359,52,0,0
BRDA:359,52,1,0
BRDA:359,53,0,0
BRDA:359,53,1,0
BRDA:368,54,0,0
BRDA:368,54,1,0
BRDA:369,55,0,0
BRDA:369,55,1,0
BRDA:370,56,0,0
BRDA:370,56,1,0
BRDA:373,57,0,0
BRDA:373,57,1,0
BRDA:373,58,0,0
BRDA:373,58,1,0
BRDA:383,59,0,0
BRDA:383,59,1,0
BRDA:383,60,0,0
BRDA:383,60,1,0
BRDA:383,60,2,0
BRDA:408,61,0,0
BRDA:408,61,1,0
BRDA:408,62,0,0
BRDA:408,62,1,0
BRDA:421,63,0,0
BRDA:421,63,1,0
BRDA:446,64,0,0
BRDA:446,64,1,0
BRDA:446,64,2,0
BRDA:446,64,3,0
BRDA:449,65,0,0
BRDA:449,65,1,0
BRDA:449,65,2,0
BRDA:451,66,0,0
BRDA:451,66,1,0
BRDA:451,67,0,0
BRDA:451,67,1,0
BRDA:451,67,2,0
BRDA:467,68,0,0
BRDA:467,68,1,0
BRDA:467,69,0,0
BRDA:467,69,1,0
BRDA:469,70,0,0
BRDA:469,70,1,0
BRDA:469,71,0,0
BRDA:469,71,1,0
BRDA:479,72,0,0
BRDA:479,72,1,0
BRDA:479,73,0,0
BRDA:479,73,1,0
BRDA:502,74,0,0
BRDA:502,74,1,0
BRDA:502,75,0,0
BRDA:502,75,1,0
BRDA:510,76,0,0
BRDA:510,76,1,0
BRDA:513,77,0,0
BRDA:513,77,1,0
BRDA:518,78,0,0
BRDA:518,78,1,0
BRDA:526,79,0,0
BRDA:526,79,1,0
BRDA:526,79,2,0
BRDA:526,79,3,0
BRDA:528,80,0,0
BRDA:528,80,1,0
BRDA:528,80,2,0
BRDA:532,81,0,0
BRDA:532,81,1,0
BRDA:532,82,0,0
BRDA:532,82,1,0
BRDA:565,83,0,0
BRDA:565,83,1,0
BRDA:567,84,0,0
BRDA:567,84,1,0
BRDA:617,85,0,0
BRDA:617,85,1,0
BRDA:617,86,0,0
BRDA:617,86,1,0
BRDA:625,87,0,0
BRDA:625,87,1,0
BRDA:635,88,0,0
BRDA:635,88,1,0
BRDA:649,89,0,0
BRDA:649,89,1,0
BRDA:649,90,0,0
BRDA:649,90,1,0
BRDA:659,91,0,0
BRDA:659,91,1,0
BRDA:659,91,2,0
BRDA:659,91,3,0
BRDA:661,92,0,0
BRDA:661,92,1,0
BRDA:661,93,0,0
BRDA:661,93,1,0
BRDA:687,94,0,0
BRDA:687,94,1,0
BRDA:687,95,0,0
BRDA:687,95,1,0
BRDA:698,96,0,0
BRDA:698,96,1,0
BRDA:698,96,2,0
BRDA:698,96,3,0
BRDA:698,96,4,0
BRDA:698,96,5,0
BRDA:703,97,0,0
BRDA:703,97,1,0
BRDA:703,98,0,0
BRDA:703,98,1,0
BRDA:727,99,0,0
BRDA:727,99,1,0
BRDA:727,100,0,0
BRDA:727,100,1,0
BRDA:737,101,0,0
BRDA:737,101,1,0
BRF:223
BRH:0
end_of_record
TN:
SF:src/modules/util/DescriptionHelper.js
FN:19,(anonymous_0)
FN:21,(anonymous_1)
FN:37,(anonymous_2)
FN:132,(anonymous_3)
FN:208,(anonymous_4)
FN:242,(anonymous_5)
FN:255,(anonymous_6)
FN:272,(anonymous_7)
FN:282,(anonymous_8)
FN:288,(anonymous_9)
FN:295,pad2
FN:299,formatDuration
FN:343,(anonymous_12)
FN:367,(anonymous_13)
FN:406,(anonymous_14)
FN:413,pad2
FN:417,formatDuration
FN:464,(anonymous_17)
FN:490,(anonymous_18)
FN:532,(anonymous_19)
FNF:20
FNH:7
FNDA:1,(anonymous_0)
FNDA:0,(anonymous_1)
FNDA:1,(anonymous_2)
FNDA:1,(anonymous_3)
FNDA:1,(anonymous_4)
FNDA:0,(anonymous_5)
FNDA:0,(anonymous_6)
FNDA:0,(anonymous_7)
FNDA:0,(anonymous_8)
FNDA:1,(anonymous_9)
FNDA:0,pad2
FNDA:0,formatDuration
FNDA:0,(anonymous_12)
FNDA:0,(anonymous_13)
FNDA:1,(anonymous_14)
FNDA:0,pad2
FNDA:0,formatDuration
FNDA:0,(anonymous_17)
FNDA:0,(anonymous_18)
FNDA:1,(anonymous_19)
DA:9,1
DA:10,1
DA:21,0
DA:22,0
DA:24,0
DA:25,0
DA:27,0
DA:28,0
DA:33,0
DA:38,0
DA:39,0
DA:42,0
DA:45,0
DA:46,0
DA:47,0
DA:48,0
DA:49,0
DA:51,0
DA:52,0
DA:56,0
DA:129,0
DA:134,0
DA:135,0
DA:137,0
DA:205,0
DA:209,0
DA:210,0
DA:211,0
DA:212,0
DA:218,0
DA:219,0
DA:226,0
DA:227,0
DA:234,0
DA:242,0
DA:243,0
DA:244,0
DA:245,0
DA:246,0
DA:248,0
DA:252,0
DA:253,0
DA:254,0
DA:257,0
DA:262,0
DA:263,0
DA:264,0
DA:271,0
DA:272,0
DA:273,0
DA:274,0
DA:276,0
DA:278,0
DA:279,0
DA:282,0
DA:285,0
DA:289,0
DA:290,0
DA:293,0
DA:296,0
DA:300,0
DA:301,0
DA:302,0
DA:304,0
DA:305,0
DA:306,0
DA:307,0
DA:308,0
DA:312,0
DA:313,0
DA:314,0
DA:315,0
DA:316,0
DA:317,0
DA:319,0
DA:320,0
DA:322,0
DA:325,0
DA:329,0
DA:330,0
DA:331,0
DA:332,0
DA:333,0
DA:334,0
DA:336,0
DA:337,0
DA:338,0
DA:339,0
DA:340,0
DA:342,0
DA:344,0
DA:345,0
DA:346,0
DA:347,0
DA:351,0
DA:354,0
DA:355,0
DA:357,0
DA:360,0
DA:364,0
DA:365,0
DA:366,0
DA:368,0
DA:369,0
DA:370,0
DA:371,0
DA:374,0
DA:378,0
DA:379,0
DA:383,0
DA:385,0
DA:388,0
DA:391,0
DA:403,0
DA:407,0
DA:408,0
DA:411,0
DA:414,0
DA:418,0
DA:419,0
DA:420,0
DA:422,0
DA:423,0
DA:424,0
DA:425,0
DA:426,0
DA:430,0
DA:431,0
DA:432,0
DA:433,0
DA:434,0
DA:435,0
DA:437,0
DA:439,0
DA:442,0
DA:445,0
DA:449,0
DA:450,0
DA:451,0
DA:452,0
DA:453,0
DA:454,0
DA:456,0
DA:457,0
DA:458,0
DA:459,0
DA:460,0
DA:463,0
DA:465,0
DA:466,0
DA:467,0
DA:468,0
DA:472,0
DA:475,0
DA:477,0
DA:480,0
DA:483,0
DA:487,0
DA:488,0
DA:489,0
DA:491,0
DA:492,0
DA:493,0
DA:497,0
DA:501,0
DA:505,0
DA:506,0
DA:507,0
DA:510,0
DA:511,0
DA:513,0
DA:514,0
DA:515,0
DA:529,0
DA:533,0
DA:534,0
DA:535,0
DA:536,0
DA:537,0
DA:540,0
LF:180
LH:2
BRDA:19,0,0,0
BRDA:19,1,0,0
BRDA:22,2,0,0
BRDA:22,2,1,0
BRDA:22,3,0,0
BRDA:22,3,1,0
BRDA:22,3,2,0
BRDA:46,4,0,0
BRDA:46,4,1,0
BRDA:46,5,0,0
BRDA:46,5,1,0
BRDA:49,6,0,0
BRDA:49,6,1,0
BRDA:132,7,0,0
BRDA:208,8,0,0
BRDA:208,9,0,0
BRDA:208,10,0,0
BRDA:209,11,0,0
BRDA:209,11,1,0
BRDA:210,12,0,0
BRDA:210,12,1,0
BRDA:211,13,0,0
BRDA:211,13,1,0
BRDA:218,14,0,0
BRDA:218,14,1,0
BRDA:226,15,0,0
BRDA:226,15,1,0
BRDA:243,16,0,0
BRDA:243,16,1,0
BRDA:243,17,0,0
BRDA:243,17,1,0
BRDA:253,18,0,0
BRDA:253,18,1,0
BRDA:257,19,0,0
BRDA:257,19,1,0
BRDA:262,20,0,0
BRDA:262,20,1,0
BRDA:263,21,0,0
BRDA:263,21,1,0
BRDA:273,22,0,0
BRDA:273,22,1,0
BRDA:278,23,0,0
BRDA:278,23,1,0
BRDA:288,24,0,0
BRDA:293,25,0,0
BRDA:293,25,1,0
BRDA:305,26,0,0
BRDA:305,26,1,0
BRDA:307,27,0,0
BRDA:307,27,1,0
BRDA:313,28,0,0
BRDA:313,28,1,0
BRDA:313,29,0,0
BRDA:313,29,1,0
BRDA:314,30,0,0
BRDA:314,30,1,0
BRDA:315,31,0,0
BRDA:315,31,1,0
BRDA:316,32,0,0
BRDA:316,32,1,0
BRDA:317,33,0,0
BRDA:317,33,1,0
BRDA:319,34,0,0
BRDA:319,34,1,0
BRDA:330,35,0,0
BRDA:330,35,1,0
BRDA:330,36,0,0
BRDA:330,36,1,0
BRDA:331,37,0,0
BRDA:331,37,1,0
BRDA:332,38,0,0
BRDA:332,38,1,0
BRDA:333,39,0,0
BRDA:333,39,1,0
BRDA:334,40,0,0
BRDA:334,40,1,0
BRDA:338,41,0,0
BRDA:338,41,1,0
BRDA:338,42,0,0
BRDA:338,42,1,0
BRDA:340,43,0,0
BRDA:340,43,1,0
BRDA:345,44,0,0
BRDA:345,44,1,0
BRDA:346,45,0,0
BRDA:346,45,1,0
BRDA:354,46,0,0
BRDA:354,46,1,0
BRDA:365,47,0,0
BRDA:365,47,1,0
BRDA:365,48,0,0
BRDA:365,48,1,0
BRDA:369,49,0,0
BRDA:369,49,1,0
BRDA:370,50,0,0
BRDA:370,50,1,0
BRDA:378,51,0,0
BRDA:378,51,1,0
BRDA:378,52,0,0
BRDA:378,52,1,0
BRDA:383,53,0,0
BRDA:383,53,1,0
BRDA:406,54,0,0
BRDA:406,55,0,0
BRDA:411,56,0,0
BRDA:411,56,1,0
BRDA:423,57,0,0
BRDA:423,57,1,0
BRDA:425,58,0,0
BRDA:425,58,1,0
BRDA:431,59,0,0
BRDA:431,59,1,0
BRDA:431,60,0,0
BRDA:431,60,1,0
BRDA:432,61,0,0
BRDA:432,61,1,0
BRDA:433,62,0,0
BRDA:433,62,1,0
BRDA:434,63,0,0
BRDA:434,63,1,0
BRDA:435,64,0,0
BRDA:435,64,1,0
BRDA:437,65,0,0
BRDA:437,65,1,0
BRDA:450,66,0,0
BRDA:450,66,1,0
BRDA:450,67,0,0
BRDA:450,67,1,0
BRDA:451,68,0,0
BRDA:451,68,1,0
BRDA:452,69,0,0
BRDA:452,69,1,0
BRDA:453,70,0,0
BRDA:453,70,1,0
BRDA:454,71,0,0
BRDA:454,71,1,0
BRDA:458,72,0,0
BRDA:458,72,1,0
BRDA:458,73,0,0
BRDA:458,73,1,0
BRDA:460,74,0,0
BRDA:460,74,1,0
BRDA:466,75,0,0
BRDA:466,75,1,0
BRDA:467,76,0,0
BRDA:467,76,1,0
BRDA:475,77,0,0
BRDA:475,77,1,0
BRDA:488,78,0,0
BRDA:488,78,1,0
BRDA:488,79,0,0
BRDA:488,79,1,0
BRDA:492,80,0,0
BRDA:492,80,1,0
BRDA:501,81,0,0
BRDA:501,81,1,0
BRDA:501,82,0,0
BRDA:501,82,1,0
BRDA:505,83,0,0
BRDA:505,83,1,0
BRF:160
BRH:0
end_of_record
TN:
SF:src/modules/util/DeviceDetect.js
FN:2,(anonymous_0)
FN:10,(anonymous_1)
FN:14,(anonymous_2)
FN:18,(anonymous_3)
FN:23,(anonymous_4)
FN:28,(anonymous_5)
FN:32,(anonymous_6)
FN:36,(anonymous_7)
FN:40,(anonymous_8)
FNF:9
FNH:9
FNDA:1,(anonymous_0)
FNDA:1,(anonymous_1)
FNDA:1,(anonymous_2)
FNDA:1,(anonymous_3)
FNDA:1,(anonymous_4)
FNDA:1,(anonymous_5)
FNDA:1,(anonymous_6)
FNDA:1,(anonymous_7)
FNDA:1,(anonymous_8)
DA:3,3
DA:4,3
DA:6,1
DA:11,2
DA:15,2
DA:19,11
DA:20,11
DA:24,5
DA:25,5
DA:29,6
DA:33,6
DA:37,3
DA:43,14
DA:44,14
DA:45,2
DA:47,1
DA:49,1
DA:51,0
DA:53,12
DA:54,5
DA:55,7
DA:56,1
DA:57,6
DA:58,2
DA:59,1
DA:61,1
DA:62,4
DA:63,1
DA:64,3
DA:65,1
DA:66,2
DA:67,1
DA:69,1
LF:33
LH:32
BRDA:29,0,0,6
BRDA:29,0,1,5
BRDA:33,1,0,6
BRDA:33,1,1,5
BRDA:37,2,0,3
BRDA:37,2,1,3
BRDA:37,2,2,2
BRDA:44,3,0,2
BRDA:44,3,1,12
BRDA:45,4,0,1
BRDA:45,4,1,1
BRDA:45,4,2,0
BRDA:53,5,0,5
BRDA:53,5,1,7
BRDA:55,6,0,1
BRDA:55,6,1,6
BRDA:57,7,0,2
BRDA:57,7,1,4
BRDA:58,8,0,1
BRDA:58,8,1,1
BRDA:62,9,0,1
BRDA:62,9,1,3
BRDA:64,10,0,1
BRDA:64,10,1,2
BRDA:64,11,0,3
BRDA:64,11,1,2
BRDA:66,12,0,1
BRDA:66,12,1,1
BRDA:66,13,0,2
BRDA:66,13,1,1
BRF:30
BRH:29
end_of_record
TN:
SF:src/modules/util/GroundStationConditions.js
FN:18,(anonymous_0)
FN:35,(anonymous_1)
FN:62,(anonymous_2)
FN:72,(anonymous_3)
FN:84,(anonymous_4)
FN:104,(anonymous_5)
FN:138,(anonymous_6)
FNF:7
FNH:7
FNDA:3,(anonymous_0)
FNDA:3,(anonymous_1)
FNDA:3,(anonymous_2)
FNDA:3,(anonymous_3)
FNDA:3,(anonymous_4)
FNDA:3,(anonymous_5)
FNDA:3,(anonymous_6)
DA:4,3
DA:19,1004
DA:20,3
DA:24,1001
DA:26,1001
DA:36,3
DA:37,3
DA:38,3
DA:41,3
DA:44,3
DA:47,3
DA:49,0
DA:51,0
DA:52,0
DA:63,2
DA:73,4
DA:74,4
DA:85,21
DA:86,2
DA:90,19
DA:91,19
DA:105,2
DA:106,2
DA:107,2
DA:110,2
DA:113,2
DA:115,2
DA:121,0
DA:123,0
DA:124,0
DA:139,9
DA:140,9
DA:141,9
DA:144,9
DA:147,9
DA:148,9
DA:149,9
DA:150,9
DA:152,9
DA:153,9
DA:154,9
DA:157,0
DA:161,9
DA:162,9
DA:163,9
DA:165,9
DA:166,9
DA:168,0
DA:172,9
DA:173,9
DA:174,9
DA:176,9
DA:177,9
DA:179,0
DA:183,9
DA:184,9
DA:185,9
DA:187,9
DA:188,9
DA:190,0
DA:193,9
DA:195,0
DA:196,0
LF:63
LH:51
BRDA:18,0,0,1004
BRDA:19,1,0,3
BRDA:19,1,1,1001
BRDA:37,2,0,3
BRDA:37,2,1,3
BRDA:63,3,0,1
BRDA:63,3,1,1
BRDA:74,4,0,1
BRDA:74,4,1,3
BRDA:84,5,0,21
BRDA:85,6,0,2
BRDA:85,6,1,19
BRDA:106,7,0,2
BRDA:106,7,1,2
BRDA:140,8,0,9
BRDA:140,8,1,9
BRDA:149,9,0,9
BRDA:149,9,1,0
BRDA:153,10,0,9
BRDA:153,10,1,0
BRDA:163,11,0,9
BRDA:163,11,1,0
BRDA:166,12,0,9
BRDA:166,12,1,0
BRDA:174,13,0,9
BRDA:174,13,1,0
BRDA:177,14,0,9
BRDA:177,14,1,0
BRDA:185,15,0,9
BRDA:185,15,1,0
BRDA:188,16,0,9
BRDA:188,16,1,0
BRF:32
BRH:24
end_of_record
TN:
SF:src/modules/util/LoadingSpinner.js
FN:6,(anonymous_0)
FN:15,(anonymous_1)
FN:87,(anonymous_2)
FN:99,(anonymous_3)
FNF:4
FNH:4
FNDA:42,(anonymous_0)
FNDA:28,(anonymous_1)
FNDA:11,(anonymous_2)
FNDA:33,(anonymous_3)
DA:7,42
DA:8,42
DA:9,42
DA:16,28
DA:17,1
DA:21,27
DA:22,22
DA:23,22
DA:24,22
DA:43,22
DA:44,22
DA:45,22
DA:46,22
DA:47,22
DA:49,22
DA:50,22
DA:51,22
DA:52,22
DA:53,22
DA:54,22
DA:55,22
DA:56,22
DA:57,22
DA:59,22
DA:62,22
DA:63,22
DA:65,22
DA:66,22
DA:69,22
DA:70,22
DA:75,22
DA:77,22
DA:80,27
DA:81,27
DA:88,11
DA:89,2
DA:92,9
DA:93,9
DA:100,33
DA:101,22
DA:102,22
DA:104,33
LF:42
LH:42
BRDA:16,0,0,1
BRDA:16,0,1,27
BRDA:21,1,0,22
BRDA:21,1,1,5
BRDA:88,2,0,2
BRDA:88,2,1,9
BRDA:88,3,0,11
BRDA:88,3,1,9
BRDA:100,4,0,22
BRDA:100,4,1,11
BRDA:100,5,0,33
BRDA:100,5,1,22
BRF:12
BRH:12
end_of_record
TN:
SF:src/modules/util/PassFilter.js
FN:11,filterAndSortPasses
FN:14,(anonymous_1)
FN:21,(anonymous_2)
FN:34,(anonymous_3)
FN:42,(anonymous_4)
FN:54,(anonymous_5)
FNF:6
FNH:6
FNDA:10,filterAndSortPasses
FNDA:34,(anonymous_1)
FNDA:28,(anonymous_2)
FNDA:7,(anonymous_3)
FNDA:6,(anonymous_4)
FNDA:18,(anonymous_5)
DA:14,10
DA:15,34
DA:16,34
DA:21,10
DA:22,28
DA:23,4
DA:24,4
DA:25,4
DA:27,24
DA:31,10
DA:32,10
DA:33,2
DA:36,7
DA:41,10
DA:42,2
DA:45,6
DA:46,6
DA:47,6
DA:49,6
DA:54,18
DA:55,10
LF:21
LH:21
BRDA:11,0,0,10
BRDA:16,1,0,34
BRDA:16,1,1,33
BRDA:22,2,0,4
BRDA:22,2,1,24
BRDA:22,3,0,28
BRDA:22,3,1,4
BRDA:32,4,0,2
BRDA:32,4,1,8
BRDA:36,5,0,7
BRDA:36,5,1,3
BRDA:41,6,0,2
BRDA:41,6,1,8
BRDA:47,7,0,6
BRDA:47,7,1,3
BRDA:49,8,0,6
BRDA:49,8,1,4
BRDA:49,8,2,3
BRF:18
BRH:18
end_of_record
TN:
SF:src/modules/util/PushManager.js
FN:4,(anonymous_0)
FN:9,(anonymous_1)
FN:30,(anonymous_2)
FN:31,(anonymous_3)
FN:36,(anonymous_4)
FN:40,(anonymous_5)
FN:41,(anonymous_6)
FN:47,(anonymous_7)
FN:55,(anonymous_8)
FN:56,(anonymous_9)
FN:62,(anonymous_10)
FN:67,(anonymous_11)
FN:72,(anonymous_12)
FN:80,(anonymous_13)
FN:94,(anonymous_14)
FNF:15
FNH:13
FNDA:33,(anonymous_0)
FNDA:23,(anonymous_1)
FNDA:3,(anonymous_2)
FNDA:3,(anonymous_3)
FNDA:2,(anonymous_4)
FNDA:2,(anonymous_5)
FNDA:4,(anonymous_6)
FNDA:6,(anonymous_7)
FNDA:4,(anonymous_8)
FNDA:1,(anonymous_9)
FNDA:4,(anonymous_10)
FNDA:1,(anonymous_11)
FNDA:6,(anonymous_12)
FNDA:0,(anonymous_13)
FNDA:0,(anonymous_14)
DA:5,33
DA:6,33
DA:10,23
DA:11,2
DA:13,21
DA:14,2
DA:15,2
DA:17,19
DA:19,13
DA:21,1
DA:22,1
DA:24,4
DA:26,1
DA:31,3
DA:32,3
DA:37,2
DA:41,2
DA:42,4
DA:44,2
DA:48,6
DA:49,1
DA:51,5
DA:52,5
DA:53,5
DA:55,4
DA:56,1
DA:58,0
DA:63,4
DA:64,1
DA:66,3
DA:67,3
DA:68,1
DA:73,6
DA:74,1
DA:76,5
DA:77,5
DA:78,1
DA:80,4
DA:81,0
DA:82,0
DA:84,4
DA:86,4
DA:87,1
DA:92,1
DA:94,3
DA:95,0
DA:97,3
LF:47
LH:43
BRDA:4,0,0,33
BRDA:10,1,0,2
BRDA:10,1,1,21
BRDA:13,2,0,2
BRDA:13,2,1,19
BRDA:13,3,0,21
BRDA:13,3,1,20
BRDA:17,4,0,13
BRDA:17,4,1,1
BRDA:17,4,2,4
BRDA:17,4,3,1
BRDA:48,5,0,1
BRDA:48,5,1,5
BRDA:63,6,0,1
BRDA:63,6,1,3
BRDA:73,7,0,1
BRDA:73,7,1,5
BRDA:77,8,0,1
BRDA:77,8,1,4
BRDA:80,9,0,0
BRDA:80,9,1,4
BRDA:86,10,0,1
BRDA:86,10,1,3
BRF:23
BRH:22
end_of_record
TN:
SF:src/modules/util/TimeFormatHelper.js
FN:15,(anonymous_0)
FN:44,(anonymous_1)
FN:77,(anonymous_2)
FN:89,(anonymous_3)
FN:103,(anonymous_4)
FN:141,(anonymous_5)
FN:174,(anonymous_6)
FN:183,(anonymous_7)
FNF:8
FNH:8
FNDA:2,(anonymous_0)
FNDA:2,(anonymous_1)
FNDA:2,(anonymous_2)
FNDA:21,(anonymous_3)
FNDA:2,(anonymous_4)
FNDA:2,(anonymous_5)
FNDA:2,(anonymous_6)
FNDA:2,(anonymous_7)
DA:5,2
DA:16,10
DA:19,10
DA:20,10
DA:21,10
DA:24,0
DA:28,0
DA:29,0
DA:30,0
DA:31,0
DA:32,0
DA:34,0
DA:45,10
DA:46,1
DA:49,9
DA:51,9
DA:52,9
DA:53,9
DA:54,9
DA:55,9
DA:57,9
DA:58,1
DA:61,8
DA:62,10
DA:63,6
DA:65,2
DA:68,0
DA:78,3
DA:79,3
DA:83,3
DA:84,2
DA:87,3
DA:88,3
DA:89,21
DA:91,3
DA:104,7
DA:106,3
DA:107,3
DA:109,3
DA:120,3
DA:121,3
DA:123,3
DA:124,2
DA:125,2
DA:127,1
DA:129,4
DA:130,4
DA:142,3
DA:144,1
DA:145,1
DA:147,1
DA:155,1
DA:156,1
DA:158,1
DA:159,1
DA:162,2
DA:163,2
DA:175,2
DA:184,3
LF:59
LH:51
BRDA:20,0,0,10
BRDA:20,0,1,0
BRDA:29,1,0,0
BRDA:29,1,1,0
BRDA:31,2,0,0
BRDA:31,2,1,0
BRDA:44,3,0,10
BRDA:44,4,0,10
BRDA:45,5,0,1
BRDA:45,5,1,9
BRDA:57,6,0,1
BRDA:57,6,1,8
BRDA:61,7,0,7
BRDA:61,7,1,1
BRDA:62,8,0,6
BRDA:62,8,1,2
BRDA:77,9,0,3
BRDA:83,10,0,2
BRDA:83,10,1,1
BRDA:91,11,0,3
BRDA:91,11,1,0
BRDA:91,12,0,0
BRDA:91,12,1,0
BRDA:103,13,0,7
BRDA:103,14,0,7
BRDA:103,15,0,7
BRDA:103,16,0,7
BRDA:104,17,0,3
BRDA:104,17,1,4
BRDA:104,18,0,7
BRDA:104,18,1,3
BRDA:123,19,0,2
BRDA:123,19,1,1
BRDA:130,20,0,2
BRDA:130,20,1,2
BRDA:141,21,0,3
BRDA:141,22,0,3
BRDA:142,23,0,1
BRDA:142,23,1,2
BRDA:142,24,0,3
BRDA:142,24,1,1
BRDA:174,25,0,2
BRDA:174,26,0,2
BRF:43
BRH:35
end_of_record
TN:
SF:src/modules/util/VisibilityCulling.js
FN:15,(anonymous_0)
FN:75,(anonymous_1)
FN:80,(anonymous_2)
FN:127,(anonymous_3)
FN:141,(anonymous_4)
FN:186,(anonymous_5)
FN:189,(anonymous_6)
FNF:7
FNH:4
FNDA:1,(anonymous_0)
FNDA:1,(anonymous_1)
FNDA:0,(anonymous_2)
FNDA:1,(anonymous_3)
FNDA:0,(anonymous_4)
FNDA:1,(anonymous_5)
FNDA:0,(anonymous_6)
DA:16,0
DA:17,0
DA:20,0
DA:22,0
DA:23,0
DA:25,0
DA:26,0
DA:30,0
DA:32,0
DA:33,0
DA:34,0
DA:36,0
DA:40,0
DA:41,0
DA:44,0
DA:45,0
DA:46,0
DA:51,0
DA:56,0
DA:59,0
DA:62,0
DA:63,0
DA:76,0
DA:77,0
DA:78,0
DA:80,0
DA:82,0
DA:83,0
DA:87,0
DA:90,0
DA:91,0
DA:95,0
DA:96,0
DA:97,0
DA:98,0
DA:99,0
DA:103,0
DA:104,0
DA:105,0
DA:109,0
DA:112,0
DA:113,0
DA:114,0
DA:116,0
DA:137,0
DA:138,0
DA:139,0
DA:141,0
DA:142,0
DA:143,0
DA:146,0
DA:149,0
DA:150,0
DA:153,0
DA:154,0
DA:155,0
DA:158,0
DA:161,0
DA:162,0
DA:163,0
DA:164,0
DA:165,0
DA:166,0
DA:168,0
DA:171,0
DA:172,0
DA:174,0
DA:187,0
DA:189,0
DA:191,0
DA:192,0
DA:196,0
LF:72
LH:0
BRDA:15,0,0,0
BRDA:16,1,0,0
BRDA:16,1,1,0
BRDA:16,2,0,0
BRDA:16,2,1,0
BRDA:16,2,2,0
BRDA:25,3,0,0
BRDA:25,3,1,0
BRDA:30,4,0,0
BRDA:30,4,1,0
BRDA:33,5,0,0
BRDA:33,5,1,0
BRDA:36,6,0,0
BRDA:36,6,1,0
BRDA:36,6,2,0
BRDA:36,6,3,0
BRDA:44,7,0,0
BRDA:44,7,1,0
BRDA:45,8,0,0
BRDA:45,8,1,0
BRDA:75,9,0,0
BRDA:75,10,0,0
BRDA:82,11,0,0
BRDA:82,11,1,0
BRDA:90,12,0,0
BRDA:90,12,1,0
BRDA:90,13,0,0
BRDA:90,13,1,0
BRDA:96,14,0,0
BRDA:96,14,1,0
BRDA:103,15,0,0
BRDA:103,15,1,0
BRDA:103,16,0,0
BRDA:103,16,1,0
BRDA:130,17,0,0
BRDA:142,18,0,0
BRDA:142,18,1,0
BRDA:149,19,0,0
BRDA:149,19,1,0
BRDA:149,20,0,0
BRDA:149,20,1,0
BRDA:154,21,0,0
BRDA:154,21,1,0
BRDA:161,22,0,0
BRDA:161,22,1,0
BRDA:163,23,0,0
BRDA:163,23,1,0
BRDA:165,24,0,0
BRDA:165,24,1,0
BRDA:186,25,0,0
BRDA:191,26,0,0
BRDA:191,26,1,0
BRF:52
BRH:0
end_of_record
TN:
SF:src/modules/util/pinia-plugin-url-sync.ts
FN:36,(anonymous_0)
FN:37,(anonymous_1)
FN:39,resolve
FN:41,(anonymous_3)
FN:49,urlToState
FN:57,(anonymous_5)
FN:62,(anonymous_6)
FN:93,stateToUrl
FN:95,(anonymous_8)
FN:110,createUrlSync
FN:119,(anonymous_10)
FN:124,(anonymous_11)
FNF:12
FNH:0
FNDA:0,(anonymous_0)
FNDA:0,(anonymous_1)
FNDA:0,resolve
FNDA:0,(anonymous_3)
FNDA:0,urlToState
FNDA:0,(anonymous_5)
FNDA:0,(anonymous_6)
FNDA:0,stateToUrl
FNDA:0,(anonymous_8)
FNDA:0,createUrlSync
FNDA:0,(anonymous_10)
FNDA:0,(anonymous_11)
DA:36,0
DA:37,0
DA:40,0
DA:41,0
DA:42,0
DA:43,0
DA:45,0
DA:50,0
DA:51,0
DA:52,0
DA:55,0
DA:56,0
DA:57,0
DA:58,0
DA:62,0
DA:63,0
DA:64,0
DA:67,0
DA:69,0
DA:70,0
DA:71,0
DA:73,0
DA:74,0
DA:75,0
DA:76,0
DA:77,0
DA:79,0
DA:80,0
DA:81,0
DA:84,0
DA:86,0
DA:87,0
DA:88,0
DA:94,0
DA:95,0
DA:96,0
DA:97,0
DA:98,0
DA:99,0
DA:101,0
DA:102,0
DA:104,0
DA:107,0
DA:112,0
DA:113,0
DA:116,0
DA:119,0
DA:120,0
DA:124,0
DA:125,0
LF:50
LH:0
BRDA:39,0,0,0
BRDA:40,1,0,0
BRDA:40,1,1,0
BRDA:42,2,0,0
BRDA:42,2,1,0
BRDA:42,3,0,0
BRDA:42,3,1,0
BRDA:42,3,2,0
BRDA:56,4,0,0
BRDA:56,4,1,0
BRDA:63,5,0,0
BRDA:63,5,1,0
BRDA:64,6,0,0
BRDA:64,6,1,0
BRDA:70,7,0,0
BRDA:70,7,1,0
BRDA:76,8,0,0
BRDA:76,8,1,0
BRDA:80,9,0,0
BRDA:80,9,1,0
BRDA:80,10,0,0
BRDA:80,10,1,0
BRDA:80,10,2,0
BRDA:97,11,0,0
BRDA:97,11,1,0
BRDA:98,12,0,0
BRDA:98,12,1,0
BRDA:101,13,0,0
BRDA:101,13,1,0
BRDA:101,14,0,0
BRDA:101,14,1,0
BRDA:112,15,0,0
BRDA:112,15,1,0
BRDA:112,16,0,0
BRDA:112,16,1,0
BRF:35
BRH:0
end_of_record
TN:
SF:src/router/index.js
FN:25,setupRouterGuards
FN:26,(anonymous_1)
FNF:2
FNH:0
FNDA:0,setupRouterGuards
FNDA:0,(anonymous_1)
DA:6,0
DA:8,0
DA:26,0
DA:27,0
DA:30,0
DA:33,0
DA:36,0
DA:39,0
DA:40,0
DA:41,0
DA:42,0
DA:45,0
LF:12
LH:0
BRDA:40,0,0,0
BRDA:40,0,1,0
BRF:2
BRH:0
end_of_record
TN:
SF:src/stores/cesium.js
FN:4,(anonymous_0)
FN:20,(anonymous_1)
FN:21,(anonymous_2)
FN:21,(anonymous_3)
FN:22,(anonymous_4)
FN:22,(anonymous_5)
FN:53,(anonymous_6)
FN:54,(anonymous_7)
FNF:8
FNH:0
FNDA:0,(anonymous_0)
FNDA:0,(anonymous_1)
FNDA:0,(anonymous_2)
FNDA:0,(anonymous_3)
FNDA:0,(anonymous_4)
FNDA:0,(anonymous_5)
FNDA:0,(anonymous_6)
FNDA:0,(anonymous_7)
DA:3,0
DA:4,0
DA:20,0
DA:21,0
DA:22,0
DA:53,0
DA:54,0
LF:7
LH:0
BRF:0
BRH:0
end_of_record
TN:
SF:src/stores/sat.js
FN:4,(anonymous_0)
FN:26,(anonymous_1)
FN:27,(anonymous_2)
FN:31,(anonymous_3)
FN:37,(anonymous_4)
FN:38,(anonymous_5)
FN:42,(anonymous_6)
FN:48,(anonymous_7)
FN:49,(anonymous_8)
FN:53,(anonymous_9)
FN:59,(anonymous_10)
FN:59,(anonymous_11)
FN:60,(anonymous_12)
FN:61,(anonymous_13)
FN:84,(anonymous_14)
FN:85,(anonymous_15)
FN:91,(anonymous_16)
FN:92,(anonymous_17)
FN:98,(anonymous_18)
FN:99,(anonymous_19)
FN:105,(anonymous_20)
FN:110,(anonymous_21)
FNF:22
FNH:1
FNDA:21,(anonymous_0)
FNDA:0,(anonymous_1)
FNDA:0,(anonymous_2)
FNDA:0,(anonymous_3)
FNDA:0,(anonymous_4)
FNDA:0,(anonymous_5)
FNDA:0,(anonymous_6)
FNDA:0,(anonymous_7)
FNDA:0,(anonymous_8)
FNDA:0,(anonymous_9)
FNDA:0,(anonymous_10)
FNDA:0,(anonymous_11)
FNDA:0,(anonymous_12)
FNDA:0,(anonymous_13)
FNDA:0,(anonymous_14)
FNDA:0,(anonymous_15)
FNDA:0,(anonymous_16)
FNDA:0,(anonymous_17)
FNDA:0,(anonymous_18)
FNDA:0,(anonymous_19)
FNDA:0,(anonymous_20)
FNDA:0,(anonymous_21)
DA:3,2
DA:4,21
DA:26,0
DA:28,0
DA:31,0
DA:37,0
DA:39,0
DA:42,0
DA:48,0
DA:50,0
DA:53,0
DA:59,0
DA:61,0
DA:62,0
DA:63,0
DA:84,0
DA:85,0
DA:91,0
DA:92,0
DA:98,0
DA:99,0
DA:106,0
DA:108,0
DA:111,0
DA:119,0
DA:120,0
DA:121,0
DA:123,0
DA:125,0
DA:127,0
DA:130,0
DA:133,0
DA:134,0
DA:135,0
DA:138,0
DA:140,0
DA:142,0
DA:143,0
DA:144,0
DA:147,0
DA:148,0
DA:150,0
DA:153,0
DA:156,0
DA:159,0
LF:45
LH:2
BRDA:59,0,0,0
BRDA:59,0,1,0
BRDA:84,1,0,0
BRDA:84,1,1,0
BRDA:91,2,0,0
BRDA:91,2,1,0
BRDA:98,3,0,0
BRDA:98,3,1,0
BRDA:106,4,0,0
BRDA:106,4,1,0
BRDA:106,5,0,0
BRDA:106,5,1,0
BRDA:111,6,0,0
BRDA:111,6,1,0
BRDA:127,7,0,0
BRDA:127,7,1,0
BRDA:140,8,0,0
BRDA:140,8,1,0
BRDA:147,9,0,0
BRDA:147,9,1,0
BRF:20
BRH:0
end_of_record
